ASV10	Skeletonema costatum mitochondrial cox1 gene for cytochrnome oxidase subunit I, partial cds, strain: FDK316	LC222536	2843	92.308	99	2.84e-120	444
ASV10	Skeletonema costatum mitochondrial cox1 gene for cytochrome oxidase subunit I, partial cds, strain: FJK028	LC192753	2843	92.308	99	2.84e-120	444
ASV10	Skeletonema costatum mitochondrial cox1 gene for cytochrome oxidase subunit I, partial cds, strain: FJK003	LC192752	2843	92.308	99	2.84e-120	444
ASV10	Skeletonema costatum mitochondrial cox1 gene for cytochrome oxidase subunit I, partial cds, strain: FJK001	LC192751	2843	92.308	99	2.84e-120	444
ASV10	Skeletonema costatum mitochondrial cox1 gene for cytochrome oxidase subunit I, partial cds, strain: FTC030	LC192747	2843	92.308	99	2.84e-120	444
ASV10	Skeletonema costatum mitochondrial cox1 gene for cytochrome oxidase subunit I, partial cds, strain: FIS111	LC192734	2843	92.308	99	2.84e-120	444
ASV10	Skeletonema costatum mitochondrial cox1 gene for cytochrome oxidase subunit I, partial cds, strain: FIS104	LC192733	2843	92.308	99	2.84e-120	444
ASV10	Skeletonema costatum mitochondrial cox1 gene for cytochrome oxidase subunit I, partial cds, strain: FCH104	LC192722	2843	92.308	99	2.84e-120	444
ASV10	Skeletonema potamos strain CNS00243 mitochondrion, complete genome	MW438982	1429247	92.308	99	2.84e-120	444
ASV10	Skeletonema subsalsum strain CNS00303 mitochondrion, complete genome	MW438981	216763	92.308	99	2.84e-120	444
ASV16	Phaeocystis antarctica strain CCMP1374 mitochondrion, partial genome	JN131834	33657	90.415	100	8.00e-111	412
ASV40	Phaeocystis antarctica strain CCMP1374 mitochondrion, partial genome	JN131834	33657	91.693	100	1.71e-117	435
ASV70	Synchaeta triophthalma isolate 140416_NH_A8 cytochrome c oxidase I (COI) gene, partial cds; mitochondrial	MK905797	2576788	91.987	99	1.33e-118	438
ASV70	Synchaeta triophthalma isolate 140416_NH_A9 cytochrome c oxidase I (COI) gene, partial cds; mitochondrial	MK905796	2576788	91.987	99	1.33e-118	438
ASV70	Synchaeta triophthalma isolate 140416_NH_A12 cytochrome c oxidase I (COI) gene, partial cds; mitochondrial	MK905803	2576788	91.667	99	6.20e-117	433
ASV70	Synchaeta triophthalma isolate 140416_NH_A7 cytochrome c oxidase I (COI) gene, partial cds; mitochondrial	MK905802	2576788	91.667	99	6.20e-117	433
ASV70	Synchaeta triophthalma isolate 140416_NH_WHV_A3 cytochrome c oxidase I (COI) gene, partial cds; mitochondrial	MK905801	2576788	91.667	99	6.20e-117	433
ASV70	Synchaeta triophthalma isolate 140416_NH_WH_A1 cytochrome c oxidase I (COI) gene, partial cds; mitochondrial	MK905800	2576788	91.667	99	6.20e-117	433
ASV70	Synchaeta triophthalma isolate 140416_NH_A5 cytochrome c oxidase I (COI) gene, partial cds; mitochondrial	MK905799	2576788	91.667	99	6.20e-117	433
ASV70	Synchaeta triophthalma isolate 140416_NH_A4 cytochrome c oxidase I (COI) gene, partial cds; mitochondrial	MK905798	2576788	91.667	99	6.20e-117	433
ASV70	Synchaeta triophthalma isolate 140416_NH_A10 cytochrome c oxidase I (COI) gene, partial cds; mitochondrial	MK905795	2576788	91.667	99	6.20e-117	433
ASV70	Synchaeta triophthalma isolate 140416_A2 cytochrome c oxidase I (COI) gene, partial cds; mitochondrial	MK905794	2576788	91.667	99	6.20e-117	433
ASV126	Guinardia delicatula mitochondrion, complete genome	MW413905	216802	90.675	99	2.22e-111	414
ASV164	Phaeocystis antarctica strain CCMP1374 mitochondrion, partial genome	JN131834	33657	91.374	100	7.94e-116	429
ASV164	Phaeocystis globosa isolate CNS00067 cytochrome oxidase subunit I (COXI) gene, partial cds; mitochondrial	MN927532	33658	90.038	83	1.38e-88	339
ASV164	Phaeocystis globosa isolate CNS00066 cytochrome oxidase subunit I (COXI) gene, partial cds; mitochondrial	MN927531	33658	90.038	83	1.38e-88	339
ASV164	Phaeocystis globosa isolate CNS00065 cytochrome oxidase subunit I (COXI) gene, partial cds; mitochondrial	MN927530	33658	90.038	83	1.38e-88	339
ASV164	Phaeocystis globosa isolate CNS00064 cytochrome oxidase subunit I (COXI) gene, partial cds; mitochondrial	MN927529	33658	90.038	83	1.38e-88	339
ASV164	Phaeocystis globosa isolate CNS00063 cytochrome oxidase subunit I (COXI) gene, partial cds; mitochondrial	MN927528	33658	90.038	83	1.38e-88	339
ASV164	Phaeocystis globosa isolate CNS00062 cytochrome oxidase subunit I (COXI) gene, partial cds; mitochondrial	MN927527	33658	90.038	83	1.38e-88	339
ASV170	Micromonas pusilla CCMP1545 mitochondrion, partial genome	FJ858268	564608	94.904	100	3.59e-134	490
ASV170	Micromonas pusilla strain CCMP1545 cytochrome c oxidase subunit I (coxI) gene, partial cds; mitochondrial	AY955048	38833	94.888	99	1.29e-133	488
ASV240	Candidatus Pelagibacter ubique HTCC1062, complete genome	CP000084	335992	90.169	94	1.74e-102	385
ASV269	Phaeocystis antarctica strain CCMP1374 mitochondrion, partial genome	JN131834	33657	91.054	100	3.69e-114	424
ASV269	Phaeocystis globosa isolate CNS00067 cytochrome oxidase subunit I (COXI) gene, partial cds; mitochondrial	MN927532	33658	90.421	83	2.96e-90	344
ASV269	Phaeocystis globosa isolate CNS00066 cytochrome oxidase subunit I (COXI) gene, partial cds; mitochondrial	MN927531	33658	90.421	83	2.96e-90	344
ASV269	Phaeocystis globosa isolate CNS00065 cytochrome oxidase subunit I (COXI) gene, partial cds; mitochondrial	MN927530	33658	90.421	83	2.96e-90	344
ASV269	Phaeocystis globosa isolate CNS00064 cytochrome oxidase subunit I (COXI) gene, partial cds; mitochondrial	MN927529	33658	90.421	83	2.96e-90	344
ASV269	Phaeocystis globosa isolate CNS00063 cytochrome oxidase subunit I (COXI) gene, partial cds; mitochondrial	MN927528	33658	90.421	83	2.96e-90	344
ASV269	Phaeocystis globosa isolate CNS00062 cytochrome oxidase subunit I (COXI) gene, partial cds; mitochondrial	MN927527	33658	90.421	83	2.96e-90	344
ASV269	Phaeocystis globosa isolate CNS00078 cytochrome oxidase subunit I (COXI) gene, partial cds; mitochondrial	MN927541	33658	90.038	83	1.38e-88	339
ASV269	Phaeocystis globosa isolate CNS00077 cytochrome oxidase subunit I (COXI) gene, partial cds; mitochondrial	MN927540	33658	90.038	83	1.38e-88	339
ASV269	Phaeocystis globosa isolate CNS00076 cytochrome oxidase subunit I (COXI) gene, partial cds; mitochondrial	MN927539	33658	90.038	83	1.38e-88	339
ASV278	Pseudo-nitzschia cuspidata strain CNS00150 mitochondrion, complete genome	NC_056161	237455	92.605	99	2.19e-121	448
ASV278	Pseudo-nitzschia cuspidata strain Sydney1 cytochrome oxidase subunit 1 (cox1) gene, partial cds; mitochondrial	JN050307	237455	92.283	99	1.02e-119	442
ASV278	Pseudo-nitzschia pseudodelicatissima voucher P-11 cytochrome oxidase subunit 1 (cox1) gene, partial cds; mitochondrial	KX572941	178779	90.997	99	4.78e-113	420
ASV278	Pseudo-nitzschia sabit isolate Ps103 cytochrome oxidase subunit I (COX1) gene, partial cds; mitochondrial	KP288523	1664502	90.705	99	6.18e-112	416
ASV278	Pseudo-nitzschia sabit isolate Ps277 cytochrome oxidase subunit I (COX1) gene, partial cds; mitochondrial	KP288521	1664502	90.705	99	6.18e-112	416
ASV278	Pseudo-nitzschia lundholmiae strain PnTb28 cytochrome oxidase subunit 1 (cox1) gene, partial cds; mitochondrial	KR871392	1388884	92.414	93	2.22e-111	414
ASV278	Pseudo-nitzschia sabit isolate Ps283 cytochrome oxidase subunit I (COX1) gene, partial cds; mitochondrial	KP288522	1664502	90.385	99	2.88e-110	411
ASV278	Pseudo-nitzschia sabit isolate Ps147 cytochrome oxidase subunit I (COX1) gene, partial cds; mitochondrial	KP288519	1664502	90.385	99	2.88e-110	411
ASV278	Pseudo-nitzschia sabit isolate Ps149 cytochrome oxidase subunit I (COX1) gene, partial cds; mitochondrial	KP288518	1664502	90.385	99	2.88e-110	411
ASV278	Pseudo-nitzschia lundholmiae voucher PnTb10 cytochrome oxidase subunit 1 (cox1) gene, partial cds; mitochondrial	KX572937	1388884	92.281	91	1.34e-108	405
ASV445	Phaeocystis antarctica strain CCMP1374 mitochondrion, partial genome	JN131834	33657	91.374	100	7.94e-116	429
ASV558	Phaeocystis antarctica strain CCMP1374 mitochondrion, partial genome	JN131834	33657	91.374	100	7.94e-116	429
ASV621	Candidatus Pelagibacter ubique HTCC1062, complete genome	CP000084	335992	91.693	100	1.71e-117	435
ASV621	Candidatus Pelagibacter giovannonii strain NP1 chromosome, complete genome	CP038852	2563896	91.054	100	3.69e-114	424
ASV642	Phaeocystis antarctica strain CCMP1374 mitochondrion, partial genome	JN131834	33657	91.054	100	3.69e-114	424
ASV927	Cylindrotheca closterium strain 10 cytochrome oxidase subunit 1 gene, partial cds; mitochondrial	KJ671730	2856	93.680	86	4.81e-108	403
ASV927	Cylindrotheca closterium isolate ANT903 cytochrome c oxidase subunit I (COX1) gene, partial cds; mitochondrial	MH819223	2856	90.157	81	2.30e-86	331
ASV991	Candidatus Pelagibacter ubique HTCC1062, complete genome	CP000084	335992	92.013	100	3.67e-119	440
ASV991	Candidatus Pelagibacter giovannonii strain NP1 chromosome, complete genome	CP038852	2563896	91.374	100	7.94e-116	429
ASV1059	Guinardia delicatula mitochondrion, complete genome	MW413905	216802	90.675	99	2.22e-111	414
ASV1204	Candidatus Pelagibacter ubique HTCC1062, complete genome	CP000084	335992	90.354	99	1.03e-109	409
ASV1304	Bos mutus isolate yakQH1 chromosome 28	CP027096	72004	90.278	72	3.15e-43	187
ASV1353	Phaeocystis antarctica strain CCMP1374 mitochondrion, partial genome	JN131834	33657	90.096	100	3.72e-109	407
ASV1431	Cladosporium sp. strain YFCC8620 mitochondrion, complete genome	MN657180	1707700	94.569	100	1.67e-132	484
ASV1431	Cladosporium cladosporioides strain YFCC 8621 mitochondrion, complete genome	MN661341	29917	93.312	100	7.83e-126	462
ASV1431	Cladosporium tenuissimum isolate 31 cytochrome oxidase subunit I (COI) gene, partial cds; mitochondrial	FJ590522	70808	93.966	74	1.77e-92	351
ASV1431	Cladosporium sp. BM-2009-5 cytochrome oxidase subunit I (COI) gene, partial cds; mitochondrial	FJ590526	664273	93.562	74	8.23e-91	346
ASV1436	Chaetoceros sp. 19 LG-2014 cytochrome oxidase subunit 1 gene, partial cds; mitochondrial	KJ671728	1514162	95.604	87	1.32e-118	438
ASV1471	Ctenolepisma longicaudata voucher gbs001836 cytochrome oxidase subunit 1 (COI) gene, partial cds; mitochondrial	MT674899	27554	90.508	95	3.71e-104	390
ASV1484	Centropages hamatus isolate MT00538 cytochrome c oxidase subunit I (COI) gene, partial cds; mitochondrial	JX995175	136183	95.192	99	2.78e-135	494
ASV1484	Centropages hamatus isolate MT00537 cytochrome c oxidase subunit I (COI) gene, partial cds; mitochondrial	JX995174	136183	95.192	99	2.78e-135	494
ASV1484	Centropages hamatus isolate MT03841 cytochrome c oxidase subunit I (COI) gene, partial cds; mitochondrial	JX995182	136183	94.872	99	1.29e-133	488
ASV1484	Uncultured marine zooplankton clone M1226F01 cytochrome c oxidase subunit I (COI) gene, partial cds; mitochondrial	KT186360	444323	91.374	100	7.94e-116	429
ASV1484	Centropages hamatus cytochrome oxidase subunit 1 (COI) pseudogene, partial sequence; nuclear copy of mitochondrial gene	MH549185	136183	91.054	100	3.69e-114	424
ASV1484	Uncultured marine zooplankton clone M2027F01 cytochrome c oxidase subunit I (COI) gene, partial cds; mitochondrial	KT186362	444323	91.054	100	3.69e-114	424
ASV1484	Uncultured marine zooplankton clone M1226F02 cytochrome c oxidase subunit I (COI) gene, partial cds; mitochondrial	KT186361	444323	91.054	100	3.69e-114	424
ASV1484	Uncultured marine zooplankton clone M1226F01 cytochrome c oxidase subunit I (COI) gene, partial cds; mitochondrial	KT186359	444323	91.054	100	3.69e-114	424
ASV1484	Centropages hamatus cytochrome oxidase subunit 1 (COI) gene, partial cds; mitochondrial	EU016220	136183	91.054	100	3.69e-114	424
ASV1484	Centropages hamatus cytochrome-c oxidase subunit I (coxI) gene, partial cds; mitochondrial gene for mitochondrial product	AF259663	136183	91.054	100	3.69e-114	424
ASV1512	Ctenolepisma longicaudata voucher gbs001836 cytochrome oxidase subunit 1 (COI) gene, partial cds; mitochondrial	MT674899	27554	90.604	96	2.22e-106	398
ASV1587	Synchaeta triophthalma isolate 140416_NH_A8 cytochrome c oxidase I (COI) gene, partial cds; mitochondrial	MK905797	2576788	92.949	99	1.32e-123	455
ASV1587	Synchaeta triophthalma isolate 140416_NH_A12 cytochrome c oxidase I (COI) gene, partial cds; mitochondrial	MK905803	2576788	92.628	99	6.16e-122	449
ASV1587	Synchaeta triophthalma isolate 140416_NH_A7 cytochrome c oxidase I (COI) gene, partial cds; mitochondrial	MK905802	2576788	92.628	99	6.16e-122	449
ASV1587	Synchaeta triophthalma isolate 140416_NH_WHV_A3 cytochrome c oxidase I (COI) gene, partial cds; mitochondrial	MK905801	2576788	92.628	99	6.16e-122	449
ASV1587	Synchaeta triophthalma isolate 140416_NH_WH_A1 cytochrome c oxidase I (COI) gene, partial cds; mitochondrial	MK905800	2576788	92.628	99	6.16e-122	449
ASV1587	Synchaeta triophthalma isolate 140416_NH_A5 cytochrome c oxidase I (COI) gene, partial cds; mitochondrial	MK905799	2576788	92.628	99	6.16e-122	449
ASV1587	Synchaeta triophthalma isolate 140416_NH_A4 cytochrome c oxidase I (COI) gene, partial cds; mitochondrial	MK905798	2576788	92.628	99	6.16e-122	449
ASV1587	Synchaeta triophthalma isolate 140416_NH_A10 cytochrome c oxidase I (COI) gene, partial cds; mitochondrial	MK905795	2576788	92.628	99	6.16e-122	449
ASV1587	Synchaeta triophthalma isolate 140416_A2 cytochrome c oxidase I (COI) gene, partial cds; mitochondrial	MK905794	2576788	92.628	99	6.16e-122	449
ASV1587	Synchaeta triophthalma isolate 140416_NH_A9 cytochrome c oxidase I (COI) gene, partial cds; mitochondrial	MK905796	2576788	92.308	99	2.87e-120	444
ASV1651	Paramoeba branchiphila strain RP cytochrome oxidase subunit I (COI) gene, partial cds; mitochondrial	MK990594	308475	93.930	100	3.62e-129	473
ASV1651	Neoparamoeba longipodia cytochrome oxidase subunit 1 (COI) gene, partial cds; mitochondrial	MF140256	2020319	92.652	100	1.69e-122	451
ASV1651	Paramoeba perurans strain SCO2014-02B cytochrome oxidase subunit I (COI) gene, partial cds; mitochondrial	MN025492	437603	91.374	100	7.94e-116	429
ASV1651	Paramoeba perurans strain SCO2012_01A cytochrome oxidase subunit I (COI) gene, partial cds; mitochondrial	MN025490	437603	91.374	100	7.94e-116	429
ASV1651	Paramoeba perurans strain NO2013_17_05 cytochrome oxidase subunit I (COI) gene, partial cds; mitochondrial	MN025488	437603	91.374	100	7.94e-116	429
ASV1651	Paramoeba perurans strain NO2013_17_04 cytochrome oxidase subunit I (COI) gene, partial cds; mitochondrial	MN025487	437603	91.374	100	7.94e-116	429
ASV1651	Paramoeba perurans strain NO2014_17_01 cytochrome oxidase subunit I (COI) gene, partial cds; mitochondrial	MN025484	437603	91.374	100	7.94e-116	429
ASV1651	Paramoeba perurans strain NO2013_17_02 cytochrome oxidase subunit I (COI) gene, partial cds; mitochondrial	MN025483	437603	91.374	100	7.94e-116	429
ASV1651	Paramoeba perurans strain NO2013_17_01 cytochrome oxidase subunit I (COI) gene, partial cds; mitochondrial	MN025482	437603	91.374	100	7.94e-116	429
ASV1651	Paramoeba perurans strain NO2006_09_01B cytochrome oxidase subunit I (COI) gene, partial cds; mitochondrial	MN025481	437603	91.374	100	7.94e-116	429
ASV1672	Guinardia delicatula mitochondrion, complete genome	MW413905	216802	90.354	99	1.03e-109	409
ASV1725	Chaetognatha environmental sample clone Bsex-14 cytochrome oxidase subunit I (COI) gene, partial cds; mitochondrial	KP136550	624132	90.526	61	1.84e-62	252
ASV1805	Phaeocystis antarctica strain CCMP1374 mitochondrion, partial genome	JN131834	33657	90.096	100	3.72e-109	407
ASV1887	Polarella glacialis voucher CCMP1383 cytochrome oxidase subunit I (COI) gene, partial cds; mitochondrial	JN557916	89957	95.886	100	7.75e-141	512
ASV1887	Polarella glacialis voucher CCMP 2088 cytochrome c oxidase subunit I (COI) gene, partial sequence; mitochondrial	GQ501283	89957	95.886	100	7.75e-141	512
ASV1887	Polarella glacialis strain CCMP1383 cytochrome oxidase subunit 1 (cox1) gene, partial cds; mitochondrial	FJ939569	89957	95.886	100	7.75e-141	512
ASV1887	Polarella glacialis voucher CCMP1383 cytochrome c oxidase subunit I (COI) gene, partial sequence; mitochondrial	GQ501282	89957	95.987	95	4.69e-133	486
ASV1887	Philozoon sp. TCLJ-2021d isolate Syd15_02 cytochrome oxidase subunit 1 gene, partial cds; mitochondrial	MW819744	2820259	93.987	100	7.86e-131	479
ASV1887	Philozoon sp. TCLJ-2021a isolate CR19_10 cytochrome oxidase subunit 1 gene, partial cds; mitochondrial	MW819747	2820256	93.671	100	3.66e-129	473
ASV1887	Philozoon sp. TCLJ-2021b isolate NZ17_06 cytochrome oxidase subunit 1 gene, partial cds; mitochondrial	MW819746	2820257	93.671	100	3.66e-129	473
ASV1887	Philozoon sp. TCLJ-2021c isolate Beu_rc_sgB_22 cytochrome oxidase subunit 1 gene, partial cds; mitochondrial	MW819745	2820258	93.671	100	3.66e-129	473
ASV1887	Philozoon sp. TCLJ-2021e isolate Eng19_08 cytochrome oxidase subunit 1 gene, partial cds; mitochondrial	MW819743	2820260	93.671	100	3.66e-129	473
ASV1887	Philozoon sp. TCLJ-2021f isolate Med15_14 cytochrome oxidase subunit 1 gene, partial cds; mitochondrial	MW819742	2820261	93.671	100	3.66e-129	473
ASV1896	Minutocellus polymorphus voucher CCMP499 cytochrome oxidase subunit I (COI) gene, partial sequence; mitochondrial	GQ844268	265543	90.196	98	6.22e-107	399
ASV1940	Candidatus Pelagibacter ubique HTCC1062, complete genome	CP000084	335992	92.652	100	1.69e-122	451
ASV1940	Candidatus Pelagibacter giovannonii strain NP1 chromosome, complete genome	CP038852	2563896	92.013	100	3.67e-119	440
ASV1953	Candidatus Pelagibacter ubique HTCC1062, complete genome	CP000084	335992	93.248	99	1.01e-124	459
ASV1953	Candidatus Pelagibacter giovannonii strain NP1 chromosome, complete genome	CP038852	2563896	92.557	99	2.84e-120	444
ASV1995	Cf. Heteronemertea sp. DH-2009 isolate C4pilidia04 cytochrome oxidase subunit I gene, partial cds; mitochondrial	GU227121	696309	91.693	100	1.71e-117	435
ASV1995	Cf. Heteronemertea sp. DH-2009 isolate D4pilidia04 cytochrome oxidase subunit I-like gene, partial sequence; mitochondrial	GU227120	696309	90.584	98	1.03e-109	409
ASV1995	Cephalothrix hongkongiensis voucher 20081103-6B2 cytochrome c oxidase subunit I (COI) gene, partial cds; mitochondrial	GU726610	937758	90.429	97	6.22e-107	399
ASV1995	Cephalothrix sp. 16 HC-2011 voucher 20070702 cytochrome c oxidase subunit I (COI) gene, partial cds; mitochondrial	GU726617	943924	90.099	97	2.90e-105	394
ASV2145	Cf. Heteronemertea sp. DH-2009 isolate C4pilidia04 cytochrome oxidase subunit I gene, partial cds; mitochondrial	GU227121	696309	91.693	100	1.71e-117	435
ASV2145	Cf. Heteronemertea sp. DH-2009 isolate D4pilidia04 cytochrome oxidase subunit I-like gene, partial sequence; mitochondrial	GU227120	696309	90.584	98	1.03e-109	409
ASV2145	Cephalothrix hongkongiensis voucher 20081103-6B2 cytochrome c oxidase subunit I (COI) gene, partial cds; mitochondrial	GU726610	937758	90.099	97	2.90e-105	394
ASV2180	Candidatus Pelagibacter ubique HTCC1062, complete genome	CP000084	335992	92.013	100	3.67e-119	440
ASV2180	Candidatus Pelagibacter giovannonii strain NP1 chromosome, complete genome	CP038852	2563896	91.693	100	1.71e-117	435
ASV2248	Chaetognatha environmental sample clone Bsex-14 cytochrome oxidase subunit I (COI) gene, partial cds; mitochondrial	KP136550	624132	90.547	64	6.59e-67	267
ASV2253	Margalefidinium polykrikoides mitochondrial COI gene for cytochrome c oxidase subunit 1, partial cds, isolate: EastAsian_Bloom_Aug	LC150744	77300	95.268	100	1.68e-137	501
ASV2253	Uncultured dinoflagellate voucher S4-65 cytochrome c oxidase subunit I (COI) gene, partial sequence; mitochondrial	GQ501828	187300	94.953	100	7.80e-136	496
ASV2253	Uncultured dinoflagellate voucher S4-53 cytochrome c oxidase subunit I (COI) gene, partial sequence; mitochondrial	GQ501812	187300	94.953	100	7.80e-136	496
ASV2253	Uncultured dinoflagellate voucher S3-78 cytochrome c oxidase subunit I (COI) gene, partial sequence; mitochondrial	GQ501610	187300	94.953	100	7.80e-136	496
ASV2253	Uncultured dinoflagellate voucher S3-55 cytochrome c oxidase subunit I (COI) gene, partial sequence; mitochondrial	GQ501538	187300	94.953	100	7.80e-136	496
ASV2253	Uncultured dinoflagellate voucher S7-114-1 cytochrome c oxidase subunit I (COI) gene, partial sequence; mitochondrial	GQ501787	187300	94.637	100	1.01e-134	492
ASV2253	Uncultured dinoflagellate voucher S4-19 cytochrome oxidase subunit I (COI) gene, partial sequence; mitochondrial	HM236193	187300	94.637	100	3.63e-134	490
ASV2253	Uncultured dinoflagellate voucher S4-61 cytochrome c oxidase subunit I (COI) gene, partial sequence; mitochondrial	GQ501817	187300	94.637	100	3.63e-134	490
ASV2253	Uncultured dinoflagellate voucher S7-8 cytochrome c oxidase subunit I (COI) gene, partial sequence; mitochondrial	GQ501730	187300	94.637	100	3.63e-134	490
ASV2253	Uncultured dinoflagellate voucher S7-5 cytochrome c oxidase subunit I (COI) gene, partial sequence; mitochondrial	GQ501724	187300	94.637	100	3.63e-134	490
ASV2349	Skeletonema costatum mitochondrial cox1 gene for cytochrnome oxidase subunit I, partial cds, strain: FDK316	LC222536	2843	91.987	99	1.32e-118	438
ASV2349	Skeletonema costatum mitochondrial cox1 gene for cytochrome oxidase subunit I, partial cds, strain: FJK028	LC192753	2843	91.987	99	1.32e-118	438
ASV2349	Skeletonema costatum mitochondrial cox1 gene for cytochrome oxidase subunit I, partial cds, strain: FJK003	LC192752	2843	91.987	99	1.32e-118	438
ASV2349	Skeletonema costatum mitochondrial cox1 gene for cytochrome oxidase subunit I, partial cds, strain: FJK001	LC192751	2843	91.987	99	1.32e-118	438
ASV2349	Skeletonema costatum mitochondrial cox1 gene for cytochrome oxidase subunit I, partial cds, strain: FTC030	LC192747	2843	91.987	99	1.32e-118	438
ASV2349	Skeletonema costatum mitochondrial cox1 gene for cytochrome oxidase subunit I, partial cds, strain: FIS111	LC192734	2843	91.987	99	1.32e-118	438
ASV2349	Skeletonema costatum mitochondrial cox1 gene for cytochrome oxidase subunit I, partial cds, strain: FIS104	LC192733	2843	91.987	99	1.32e-118	438
ASV2349	Skeletonema costatum mitochondrial cox1 gene for cytochrome oxidase subunit I, partial cds, strain: FCH104	LC192722	2843	91.987	99	1.32e-118	438
ASV2349	Skeletonema potamos strain CNS00243 mitochondrion, complete genome	MW438982	1429247	91.987	99	1.32e-118	438
ASV2349	Skeletonema subsalsum strain CNS00303 mitochondrion, complete genome	MW438981	216763	91.987	99	1.32e-118	438
ASV2405	Phaeocystis antarctica strain CCMP1374 mitochondrion, partial genome	JN131834	33657	90.096	100	3.72e-109	407
ASV2515	Candidatus Pelagibacter giovannonii strain NP1 chromosome, complete genome	CP038852	2563896	90.385	99	2.88e-110	411
ASV2533	Candidatus Pelagibacter giovannonii strain NP1 chromosome, complete genome	CP038852	2563896	90.705	99	6.18e-112	416
ASV2533	Candidatus Pelagibacter ubique HTCC1062, complete genome	CP000084	335992	91.419	97	6.18e-112	416
ASV2548	Phaeocystis antarctica strain CCMP1374 mitochondrion, partial genome	JN131834	33657	90.096	100	3.72e-109	407
ASV2582	Uncultured dinoflagellate voucher S3-55 cytochrome c oxidase subunit I (COI) gene, partial sequence; mitochondrial	GQ501538	187300	91.167	100	8.02e-116	429
ASV2582	Margalefidinium polykrikoides mitochondrial COI gene for cytochrome c oxidase subunit 1, partial cds, isolate: EastAsian_Bloom_Aug	LC150744	77300	90.852	100	3.73e-114	424
ASV2582	Uncultured dinoflagellate voucher S4-19 cytochrome oxidase subunit I (COI) gene, partial sequence; mitochondrial	HM236193	187300	90.852	100	3.73e-114	424
ASV2582	Uncultured dinoflagellate voucher S4-61 cytochrome c oxidase subunit I (COI) gene, partial sequence; mitochondrial	GQ501817	187300	90.852	100	3.73e-114	424
ASV2582	Uncultured dinoflagellate voucher S3-78 cytochrome c oxidase subunit I (COI) gene, partial sequence; mitochondrial	GQ501610	187300	90.881	100	3.73e-114	424
ASV2582	Uncultured dinoflagellate voucher S4-78 cytochrome c oxidase subunit I (COI) gene, partial sequence; mitochondrial	GQ501833	187300	90.536	100	4.83e-113	420
ASV2582	Nusuttodinium aeruginosum mitochondrial COX1 gene for cytochrome c oxidase subunit 1, partial cds, isolate: Ainosato	LC027073	1488663	90.506	100	1.74e-112	418
ASV2582	Uncultured dinoflagellate voucher S4-65 cytochrome c oxidase subunit I (COI) gene, partial sequence; mitochondrial	GQ501828	187300	90.536	100	1.74e-112	418
ASV2582	Uncultured dinoflagellate voucher S4-53 cytochrome c oxidase subunit I (COI) gene, partial sequence; mitochondrial	GQ501812	187300	90.536	100	1.74e-112	418
ASV2582	Uncultured dinoflagellate voucher S4-1 cytochrome c oxidase subunit I (COI) gene, partial sequence; mitochondrial	GQ501712	187300	90.536	100	1.74e-112	418
ASV2618	Chaetognatha environmental sample clone Bsex-14 cytochrome oxidase subunit I (COI) gene, partial cds; mitochondrial	KP136550	624132	93.532	64	6.49e-77	300
ASV2646	Skeletonema costatum mitochondrial cox1 gene for cytochrnome oxidase subunit I, partial cds, strain: FDK316	LC222536	2843	91.987	99	1.32e-118	438
ASV2646	Skeletonema costatum mitochondrial cox1 gene for cytochrome oxidase subunit I, partial cds, strain: FJK028	LC192753	2843	91.987	99	1.32e-118	438
ASV2646	Skeletonema costatum mitochondrial cox1 gene for cytochrome oxidase subunit I, partial cds, strain: FJK003	LC192752	2843	91.987	99	1.32e-118	438
ASV2646	Skeletonema costatum mitochondrial cox1 gene for cytochrome oxidase subunit I, partial cds, strain: FJK001	LC192751	2843	91.987	99	1.32e-118	438
ASV2646	Skeletonema costatum mitochondrial cox1 gene for cytochrome oxidase subunit I, partial cds, strain: FTC030	LC192747	2843	91.987	99	1.32e-118	438
ASV2646	Skeletonema costatum mitochondrial cox1 gene for cytochrome oxidase subunit I, partial cds, strain: FIS111	LC192734	2843	91.987	99	1.32e-118	438
ASV2646	Skeletonema costatum mitochondrial cox1 gene for cytochrome oxidase subunit I, partial cds, strain: FIS104	LC192733	2843	91.987	99	1.32e-118	438
ASV2646	Skeletonema costatum mitochondrial cox1 gene for cytochrome oxidase subunit I, partial cds, strain: FCH104	LC192722	2843	91.987	99	1.32e-118	438
ASV2646	Skeletonema potamos strain CNS00243 mitochondrion, complete genome	MW438982	1429247	91.987	99	1.32e-118	438
ASV2646	Skeletonema subsalsum strain CNS00303 mitochondrion, complete genome	MW438981	216763	91.987	99	1.32e-118	438
ASV2652	Candidatus Pelagibacter ubique HTCC1062, complete genome	CP000084	335992	94.249	100	7.77e-131	479
ASV2652	Candidatus Pelagibacter giovannonii strain NP1 chromosome, complete genome	CP038852	2563896	93.610	100	1.68e-127	468
ASV2656	Candidatus Pelagibacter giovannonii strain NP1 chromosome, complete genome	CP038852	2563896	92.652	100	1.69e-122	451
ASV2656	Candidatus Pelagibacter ubique HTCC1062, complete genome	CP000084	335992	92.652	100	1.69e-122	451
ASV2669	Skeletonema costatum mitochondrial cox1 gene for cytochrnome oxidase subunit I, partial cds, strain: FDK316	LC222536	2843	91.987	99	1.32e-118	438
ASV2669	Skeletonema costatum mitochondrial cox1 gene for cytochrome oxidase subunit I, partial cds, strain: FJK028	LC192753	2843	91.987	99	1.32e-118	438
ASV2669	Skeletonema costatum mitochondrial cox1 gene for cytochrome oxidase subunit I, partial cds, strain: FJK003	LC192752	2843	91.987	99	1.32e-118	438
ASV2669	Skeletonema costatum mitochondrial cox1 gene for cytochrome oxidase subunit I, partial cds, strain: FJK001	LC192751	2843	91.987	99	1.32e-118	438
ASV2669	Skeletonema costatum mitochondrial cox1 gene for cytochrome oxidase subunit I, partial cds, strain: FTC030	LC192747	2843	91.987	99	1.32e-118	438
ASV2669	Skeletonema costatum mitochondrial cox1 gene for cytochrome oxidase subunit I, partial cds, strain: FIS111	LC192734	2843	91.987	99	1.32e-118	438
ASV2669	Skeletonema costatum mitochondrial cox1 gene for cytochrome oxidase subunit I, partial cds, strain: FIS104	LC192733	2843	91.987	99	1.32e-118	438
ASV2669	Skeletonema costatum mitochondrial cox1 gene for cytochrome oxidase subunit I, partial cds, strain: FCH104	LC192722	2843	91.987	99	1.32e-118	438
ASV2669	Skeletonema potamos strain CNS00243 mitochondrion, complete genome	MW438982	1429247	91.987	99	1.32e-118	438
ASV2669	Skeletonema subsalsum strain CNS00303 mitochondrion, complete genome	MW438981	216763	91.987	99	1.32e-118	438
ASV2713	Cyclotella cryptica voucher CCMP332 cytochrome oxidase subunit I (COI) gene, partial sequence; mitochondrial	GQ844251	29204	90.397	96	2.24e-106	398
ASV2723	Hemiaulus sinensis isolate Qingdao in China mitochondrion, complete genome	MW849270	1003062	90.096	100	3.72e-109	407
ASV2739	Candidatus Pelagibacter sp. FZCC0015 chromosome, complete genome	CP031125	2268451	94.569	100	1.67e-132	484
ASV2805	Phaeocystis antarctica strain CCMP1374 mitochondrion, partial genome	JN131834	33657	91.054	100	3.69e-114	424
ASV2844	Candidatus Pelagibacter sp. FZCC0015 chromosome, complete genome	CP031125	2268451	94.231	99	2.80e-130	477
ASV2885	Skeletonema costatum mitochondrial cox1 gene for cytochrnome oxidase subunit I, partial cds, strain: FDK316	LC222536	2843	91.987	99	1.32e-118	438
ASV2885	Skeletonema costatum mitochondrial cox1 gene for cytochrome oxidase subunit I, partial cds, strain: FJK028	LC192753	2843	91.987	99	1.32e-118	438
ASV2885	Skeletonema costatum mitochondrial cox1 gene for cytochrome oxidase subunit I, partial cds, strain: FJK003	LC192752	2843	91.987	99	1.32e-118	438
ASV2885	Skeletonema costatum mitochondrial cox1 gene for cytochrome oxidase subunit I, partial cds, strain: FJK001	LC192751	2843	91.987	99	1.32e-118	438
ASV2885	Skeletonema costatum mitochondrial cox1 gene for cytochrome oxidase subunit I, partial cds, strain: FTC030	LC192747	2843	91.987	99	1.32e-118	438
ASV2885	Skeletonema costatum mitochondrial cox1 gene for cytochrome oxidase subunit I, partial cds, strain: FIS111	LC192734	2843	91.987	99	1.32e-118	438
ASV2885	Skeletonema costatum mitochondrial cox1 gene for cytochrome oxidase subunit I, partial cds, strain: FIS104	LC192733	2843	91.987	99	1.32e-118	438
ASV2885	Skeletonema costatum mitochondrial cox1 gene for cytochrome oxidase subunit I, partial cds, strain: FCH104	LC192722	2843	91.987	99	1.32e-118	438
ASV2885	Skeletonema potamos strain CNS00243 mitochondrion, complete genome	MW438982	1429247	91.987	99	1.32e-118	438
ASV2885	Skeletonema subsalsum strain CNS00303 mitochondrion, complete genome	MW438981	216763	91.987	99	1.32e-118	438
ASV2954	Skeletonema ardens strain MBTD-CMFRI-S049 cytochrome oxidase subunit I (COI) gene, partial cds; mitochondrial	KM202114	371682	90.354	99	1.03e-109	409
ASV2954	Stephanodiscus yellowstonensis strain y-7 cytochrome c oxidase subunit I (coxI) gene, partial cds; mitochondrial	KT157790	29209	90.291	99	1.34e-108	405
ASV2954	Stephanodiscus reimerii strain wlo-11 cytochrome c oxidase subunit I (coxI) gene, partial cds; mitochondrial	KT157789	382370	90.291	99	1.34e-108	405
ASV2954	Stephanodiscus reimerii strain wlo-10 cytochrome c oxidase subunit I (coxI) gene, partial cds; mitochondrial	KT157788	382370	90.291	99	1.34e-108	405
ASV2954	Stephanodiscus niagarae strain okaA cytochrome c oxidase subunit I (coxI) gene, partial cds; mitochondrial	KT157787	29208	90.291	99	1.34e-108	405
ASV2954	Stephanodiscus niagarae strain j95-16 cytochrome c oxidase subunit I (coxI) gene, partial cds; mitochondrial	KT157786	29208	90.291	99	1.34e-108	405
ASV2954	Skeletonema menzellii mitochondrial coxI gene for cytochrome oxidase subunit I, partial cds, strain: FDK221	AB706243	216823	90.064	99	1.34e-108	405
ASV2954	Skeletonema menzellii mitochondrial coxI gene for cytochrome oxidase subunit I, partial cds, strain: CCMP787	AB706241	216823	90.064	99	1.34e-108	405
ASV2984	Cladosporium sp. strain YFCC8620 mitochondrion, complete genome	MN657180	1707700	92.971	100	3.64e-124	457
ASV2984	Cladosporium cladosporioides strain YFCC 8621 mitochondrion, complete genome	MN661341	29917	92.357	100	7.88e-121	446
ASV2984	Cladosporium tenuissimum isolate 31 cytochrome oxidase subunit I (COI) gene, partial cds; mitochondrial	FJ590522	70808	92.672	74	1.78e-87	335
ASV2984	Hemiptera sp. BIOUG03439-D03 cytochrome oxidase subunit 1 (COI) gene, partial cds; mitochondrial	MF928833	2249799	91.983	75	6.40e-87	333
ASV2984	Cladosporium sp. BM-2009-5 cytochrome oxidase subunit I (COI) gene, partial cds; mitochondrial	FJ590526	664273	92.275	74	8.28e-86	329
ASV2984	Albugo laibachii Nc14, genomic contig CONTIG_3975_NC14_v4_286_11	FR826808	890382	92.593	69	1.08e-79	309
ASV2984	Cladosporium sp. BM-2009-3 cytochrome oxidase subunit I (COI) gene, partial cds; mitochondrial	FJ590524	664271	90.086	74	1.81e-77	302
ASV2984	Cladosporium tenuissimum strain 28.2 cytochrome oxidase subunit I (cox1) gene, partial cds; mitochondrial	MT647894	70808	91.787	66	1.41e-73	289
ASV2993	Cyclotella cryptica voucher CCMP332 cytochrome oxidase subunit I (COI) gene, partial sequence; mitochondrial	GQ844251	29204	91.060	96	1.03e-109	409
ASV3048	Phaeocystis antarctica strain CCMP1374 mitochondrion, partial genome	JN131834	33657	90.096	100	3.72e-109	407
ASV3055	Biddulphia chinensis strain 29 cytochrome oxidase subunit 1 gene, partial cds; mitochondrial	KJ671725	1514140	90.741	86	1.06e-94	359
ASV3113	Phaeocystis antarctica strain CCMP1374 mitochondrion, partial genome	JN131834	33657	90.096	100	3.72e-109	407
ASV3117	Phaeocystis antarctica strain CCMP1374 mitochondrion, partial genome	JN131834	33657	91.374	100	7.94e-116	429
ASV3150	Skeletonema costatum mitochondrial cox1 gene for cytochrnome oxidase subunit I, partial cds, strain: FDK316	LC222536	2843	91.987	99	1.32e-118	438
ASV3150	Skeletonema costatum mitochondrial cox1 gene for cytochrome oxidase subunit I, partial cds, strain: FJK028	LC192753	2843	91.987	99	1.32e-118	438
ASV3150	Skeletonema costatum mitochondrial cox1 gene for cytochrome oxidase subunit I, partial cds, strain: FJK003	LC192752	2843	91.987	99	1.32e-118	438
ASV3150	Skeletonema costatum mitochondrial cox1 gene for cytochrome oxidase subunit I, partial cds, strain: FJK001	LC192751	2843	91.987	99	1.32e-118	438
ASV3150	Skeletonema costatum mitochondrial cox1 gene for cytochrome oxidase subunit I, partial cds, strain: FTC030	LC192747	2843	91.987	99	1.32e-118	438
ASV3150	Skeletonema costatum mitochondrial cox1 gene for cytochrome oxidase subunit I, partial cds, strain: FIS111	LC192734	2843	91.987	99	1.32e-118	438
ASV3150	Skeletonema costatum mitochondrial cox1 gene for cytochrome oxidase subunit I, partial cds, strain: FIS104	LC192733	2843	91.987	99	1.32e-118	438
ASV3150	Skeletonema costatum mitochondrial cox1 gene for cytochrome oxidase subunit I, partial cds, strain: FCH104	LC192722	2843	91.987	99	1.32e-118	438
ASV3150	Skeletonema potamos strain CNS00243 mitochondrion, complete genome	MW438982	1429247	91.987	99	1.32e-118	438
ASV3150	Skeletonema subsalsum strain CNS00303 mitochondrion, complete genome	MW438981	216763	91.987	99	1.32e-118	438
ASV3251	Phaeocystis antarctica strain CCMP1374 mitochondrion, partial genome	JN131834	33657	90.096	100	3.72e-109	407
ASV3361	Cylindrotheca closterium isolate Qingdao in China mitochondrion, complete genome	MW849265	2856	90.429	97	6.22e-107	399
ASV3361	Cylindrotheca closterium strain CCMP1855 mitochondrion, complete genome	NC_037986	2856	90.000	93	1.05e-99	375
ASV3361	Cylindrotheca closterium isolate OS1 cytochrome c oxidase subunit I (COX1) gene, partial cds; mitochondrial	MH819230	2856	91.255	84	1.06e-94	359
ASV3361	Cylindrotheca closterium isolate CS-114 cytochrome c oxidase subunit I (COX1) gene, partial cds; mitochondrial	MH819226	2856	90.943	85	3.80e-94	357
ASV3361	Cylindrotheca closterium isolate CCMP1725 cytochrome c oxidase subunit I (COX1) gene, partial cds; mitochondrial	MH819225	2856	90.909	84	1.37e-93	355
ASV3361	Cylindrotheca closterium isolate OS9B cytochrome c oxidase subunit I (COX1) gene, partial cds; mitochondrial	MH819232	2856	90.494	84	2.29e-91	348
ASV3361	Cylindrotheca closterium isolate CS-5 cytochrome c oxidase subunit I (COX1) gene, partial cds; mitochondrial	MH819227	2856	90.114	84	1.06e-89	342
ASV3361	Cylindrotheca closterium isolate PT01 cytochrome c oxidase subunit I (COX1) gene, partial cds; mitochondrial	MH819234	2856	90.763	80	6.40e-87	333
ASV3396	Candidatus Pelagibacter ubique HTCC1062, complete genome	CP000084	335992	94.569	100	1.67e-132	484
ASV3396	Candidatus Pelagibacter giovannonii strain NP1 chromosome, complete genome	CP038852	2563896	93.930	100	3.62e-129	473
ASV3410	Pseudocalanus newmani isolate CaL4 cytochrome c oxidase subunit I (COI) gene, partial cds; mitochondrial	JX502997	119373	93.930	100	3.62e-129	473
ASV3410	Pseudocalanus newmani voucher PneL187 cytochrome c oxidase subunit I (COI) gene, partial cds; mitochondrial	KC287871	119373	93.610	100	1.68e-127	468
ASV3410	Pseudocalanus newmani voucher Pne1775 cytochrome c oxidase subunit I (COI) gene, partial cds; mitochondrial	KC287873	119373	93.115	97	2.19e-121	448
ASV3410	Pseudocalanus newmani cytochrome oxidase subunit I (COI) gene, partial cds; mitochondrial gene for mitochondrial product	AF332796	119373	93.092	97	7.88e-121	446
ASV3410	Pseudocalanus newmani isolate IBPS075 cytochrome c oxidase subunit I (COI) gene, partial cds; mitochondrial	KU141803	119373	94.158	93	2.84e-120	444
ASV3410	Pseudocalanus newmani isolate IBPS070 cytochrome c oxidase subunit I (COI) gene, partial cds; mitochondrial	KU141799	119373	94.158	93	2.84e-120	444
ASV3410	Pseudocalanus newmani isolate IBPS047 cytochrome c oxidase subunit I (COI) gene, partial cds; mitochondrial	KU141786	119373	94.158	93	2.84e-120	444
ASV3410	Pseudocalanus newmani isolate GAK412 cytochrome c oxidase subunit I (COI) gene, partial cds; mitochondrial	KU141751	119373	94.158	93	2.84e-120	444
ASV3410	Pseudocalanus newmani isolate GAK387 cytochrome c oxidase subunit I (COI) gene, partial cds; mitochondrial	KU141733	119373	94.158	93	2.84e-120	444
ASV3410	Pseudocalanus newmani isolate CHPS915 cytochrome c oxidase subunit I (COI) gene, partial cds; mitochondrial	KU141706	119373	94.158	93	2.84e-120	444
ASV3502	Candidatus Pelagibacter ubique HTCC1062, complete genome	CP000084	335992	93.548	99	7.83e-126	462
ASV3502	Candidatus Pelagibacter giovannonii strain NP1 chromosome, complete genome	CP038852	2563896	92.857	98	2.19e-121	448
ASV3533	Pseudo-nitzschia cuspidata strain CNS00150 mitochondrion, complete genome	NC_056161	237455	92.283	99	1.02e-119	442
ASV3533	Pseudo-nitzschia cuspidata strain Sydney1 cytochrome oxidase subunit 1 (cox1) gene, partial cds; mitochondrial	JN050307	237455	91.961	99	4.74e-118	436
ASV3533	Pseudo-nitzschia pseudodelicatissima voucher P-11 cytochrome oxidase subunit 1 (cox1) gene, partial cds; mitochondrial	KX572941	178779	90.675	99	2.22e-111	414
ASV3533	Pseudo-nitzschia sabit isolate Ps103 cytochrome oxidase subunit I (COX1) gene, partial cds; mitochondrial	KP288523	1664502	90.385	99	2.88e-110	411
ASV3533	Pseudo-nitzschia sabit isolate Ps277 cytochrome oxidase subunit I (COX1) gene, partial cds; mitochondrial	KP288521	1664502	90.385	99	2.88e-110	411
ASV3533	Pseudo-nitzschia lundholmiae strain PnTb28 cytochrome oxidase subunit 1 (cox1) gene, partial cds; mitochondrial	KR871392	1388884	92.069	93	1.03e-109	409
ASV3533	Pseudo-nitzschia sabit isolate Ps283 cytochrome oxidase subunit I (COX1) gene, partial cds; mitochondrial	KP288522	1664502	90.064	99	1.34e-108	405
ASV3533	Pseudo-nitzschia sabit isolate Ps147 cytochrome oxidase subunit I (COX1) gene, partial cds; mitochondrial	KP288519	1664502	90.064	99	1.34e-108	405
ASV3533	Pseudo-nitzschia sabit isolate Ps149 cytochrome oxidase subunit I (COX1) gene, partial cds; mitochondrial	KP288518	1664502	90.064	99	1.34e-108	405
ASV3533	Pseudo-nitzschia lundholmiae voucher PnTb10 cytochrome oxidase subunit 1 (cox1) gene, partial cds; mitochondrial	KX572937	1388884	91.930	91	6.22e-107	399
ASV3640	Cuspidaria glacialis voucher 08BBMOL-0132 cytochrome oxidase subunit 1 (COI) gene, partial cds; mitochondrial	KM612017	61330	94.249	100	7.77e-131	479
ASV3640	Cuspidaria glacialis voucher BIOUG<CAN>:09CHON-068 cytochrome oxidase subunit 1 (COI) gene, partial cds; mitochondrial	HQ558792	61330	94.249	100	7.77e-131	479
ASV3650	Candidatus Pelagibacter sp. IMCC9063, complete genome	CP002511	1002672	95.833	100	1.28e-138	505
ASV3794	Phaeocystis antarctica strain CCMP1374 mitochondrion, partial genome	JN131834	33657	90.096	100	3.72e-109	407
ASV3798	Michthyops parvus voucher ZMBM77828 cytochrome oxidase subunit I (COI) gene, partial cds; mitochondrial	MK803436	2664504	93.617	90	3.69e-114	424
ASV3817	Candidatus Pelagibacter ubique HTCC1062, complete genome	CP000084	335992	91.374	100	7.94e-116	429
ASV3817	Candidatus Pelagibacter giovannonii strain NP1 chromosome, complete genome	CP038852	2563896	90.735	100	1.72e-112	418
ASV3923	Chaetognatha environmental sample clone Bsex-14 cytochrome oxidase subunit I (COI) gene, partial cds; mitochondrial	KP136550	624132	95.025	64	6.45e-82	316
ASV3959	Skeletonema costatum mitochondrial cox1 gene for cytochrnome oxidase subunit I, partial cds, strain: FDK316	LC222536	2843	92.308	99	2.84e-120	444
ASV3959	Skeletonema costatum mitochondrial cox1 gene for cytochrome oxidase subunit I, partial cds, strain: FJK028	LC192753	2843	92.308	99	2.84e-120	444
ASV3959	Skeletonema costatum mitochondrial cox1 gene for cytochrome oxidase subunit I, partial cds, strain: FJK003	LC192752	2843	92.308	99	2.84e-120	444
ASV3959	Skeletonema costatum mitochondrial cox1 gene for cytochrome oxidase subunit I, partial cds, strain: FJK001	LC192751	2843	92.308	99	2.84e-120	444
ASV3959	Skeletonema costatum mitochondrial cox1 gene for cytochrome oxidase subunit I, partial cds, strain: FTC030	LC192747	2843	92.308	99	2.84e-120	444
ASV3959	Skeletonema costatum mitochondrial cox1 gene for cytochrome oxidase subunit I, partial cds, strain: FIS111	LC192734	2843	92.308	99	2.84e-120	444
ASV3959	Skeletonema costatum mitochondrial cox1 gene for cytochrome oxidase subunit I, partial cds, strain: FIS104	LC192733	2843	92.308	99	2.84e-120	444
ASV3959	Skeletonema costatum mitochondrial cox1 gene for cytochrome oxidase subunit I, partial cds, strain: FCH104	LC192722	2843	92.308	99	2.84e-120	444
ASV3959	Skeletonema potamos strain CNS00243 mitochondrion, complete genome	MW438982	1429247	92.308	99	2.84e-120	444
ASV3959	Skeletonema subsalsum strain CNS00303 mitochondrion, complete genome	MW438981	216763	92.308	99	2.84e-120	444
ASV3963	Pelagomonas calceolata strain CCMP1756 mitochondrion, complete genome	NC_057168	35677	94.249	100	7.77e-131	479
ASV3969	Candidatus Pelagibacter ubique HTCC1062, complete genome	CP000084	335992	90.705	99	6.18e-112	416
ASV3969	Candidatus Pelagibacter giovannonii strain NP1 chromosome, complete genome	CP038852	2563896	90.064	99	1.34e-108	405
ASV4076	Candidatus Pelagibacter ubique HTCC1062, complete genome	CP000084	335992	92.013	100	3.67e-119	440
ASV4076	Candidatus Pelagibacter giovannonii strain NP1 chromosome, complete genome	CP038852	2563896	91.054	100	3.69e-114	424
ASV4134	Phaeocystis antarctica strain CCMP1374 mitochondrion, partial genome	JN131834	33657	90.096	100	3.72e-109	407
ASV4173	Polaribacter sp. SA4-12 genome	CP019334	1312072	92.023	100	3.16e-135	494
ASV4173	Polaribacter sp. L12M9 chromosome, complete genome	CP060695	2738844	90.286	99	1.15e-124	459
ASV4191	Skeletonema costatum mitochondrial cox1 gene for cytochrnome oxidase subunit I, partial cds, strain: FDK316	LC222536	2843	91.987	99	1.32e-118	438
ASV4191	Skeletonema costatum mitochondrial cox1 gene for cytochrome oxidase subunit I, partial cds, strain: FJK028	LC192753	2843	91.987	99	1.32e-118	438
ASV4191	Skeletonema costatum mitochondrial cox1 gene for cytochrome oxidase subunit I, partial cds, strain: FJK003	LC192752	2843	91.987	99	1.32e-118	438
ASV4191	Skeletonema costatum mitochondrial cox1 gene for cytochrome oxidase subunit I, partial cds, strain: FJK001	LC192751	2843	91.987	99	1.32e-118	438
ASV4191	Skeletonema costatum mitochondrial cox1 gene for cytochrome oxidase subunit I, partial cds, strain: FTC030	LC192747	2843	91.987	99	1.32e-118	438
ASV4191	Skeletonema costatum mitochondrial cox1 gene for cytochrome oxidase subunit I, partial cds, strain: FIS111	LC192734	2843	91.987	99	1.32e-118	438
ASV4191	Skeletonema costatum mitochondrial cox1 gene for cytochrome oxidase subunit I, partial cds, strain: FIS104	LC192733	2843	91.987	99	1.32e-118	438
ASV4191	Skeletonema costatum mitochondrial cox1 gene for cytochrome oxidase subunit I, partial cds, strain: FCH104	LC192722	2843	91.987	99	1.32e-118	438
ASV4191	Skeletonema potamos strain CNS00243 mitochondrion, complete genome	MW438982	1429247	91.987	99	1.32e-118	438
ASV4191	Skeletonema subsalsum strain CNS00303 mitochondrion, complete genome	MW438981	216763	91.987	99	1.32e-118	438
ASV4230	Candidatus Pelagibacter giovannonii strain NP1 chromosome, complete genome	CP038852	2563896	91.693	100	1.71e-117	435
ASV4230	Candidatus Pelagibacter ubique HTCC1062, complete genome	CP000084	335992	91.693	100	1.71e-117	435
ASV4304	Phaeocystis antarctica strain CCMP1374 mitochondrion, partial genome	JN131834	33657	90.415	100	8.00e-111	412
ASV4408	Michthyops parvus voucher ZMBM77828 cytochrome oxidase subunit I (COI) gene, partial cds; mitochondrial	MK803436	2664504	93.617	90	3.69e-114	424
ASV4599	Phaeocystis antarctica strain CCMP1374 mitochondrion, partial genome	JN131834	33657	90.415	100	8.00e-111	412
ASV4608	Cyclotella cryptica voucher CCMP332 cytochrome oxidase subunit I (COI) gene, partial sequence; mitochondrial	GQ844251	29204	90.728	96	4.81e-108	403
ASV4636	Paraphysomonas sp. strain JBM01 cytochrome oxidase subunit I (COI) gene, partial cds; mitochondrial	KX100827	1955561	90.461	97	1.73e-107	401
ASV4636	Paraphysomonas sp. strain JBM06 cytochrome oxidase subunit I (COI) gene, partial cds; mitochondrial	KX100776	1955561	90.461	97	1.73e-107	401
ASV4712	Candidatus Pelagibacter ubique HTCC1062, complete genome	CP000084	335992	95.847	100	3.57e-139	507
ASV4712	Candidatus Pelagibacter giovannonii strain NP1 chromosome, complete genome	CP038852	2563896	95.208	100	7.72e-136	496
ASV4731	Rhizosolenia setigera isolate CNS00456 mitochondrion, complete genome	MW392567	3005	94.569	100	1.67e-132	484
ASV4758	Micromonas pusilla CCMP1545 mitochondrion, partial genome	FJ858268	564608	94.586	100	1.67e-132	484
ASV4758	Micromonas pusilla strain CCMP1545 cytochrome c oxidase subunit I (coxI) gene, partial cds; mitochondrial	AY955048	38833	94.569	99	6.01e-132	483
ASV4777	Centropages hamatus isolate MT00538 cytochrome c oxidase subunit I (COI) gene, partial cds; mitochondrial	JX995175	136183	94.872	99	1.29e-133	488
ASV4777	Centropages hamatus isolate MT00537 cytochrome c oxidase subunit I (COI) gene, partial cds; mitochondrial	JX995174	136183	94.872	99	1.29e-133	488
ASV4777	Centropages hamatus isolate MT03841 cytochrome c oxidase subunit I (COI) gene, partial cds; mitochondrial	JX995182	136183	94.551	99	6.01e-132	483
ASV4777	Uncultured marine zooplankton clone M1226F01 cytochrome c oxidase subunit I (COI) gene, partial cds; mitochondrial	KT186360	444323	91.054	100	3.69e-114	424
ASV4777	Centropages hamatus cytochrome oxidase subunit 1 (COI) pseudogene, partial sequence; nuclear copy of mitochondrial gene	MH549185	136183	90.735	100	1.72e-112	418
ASV4777	Uncultured marine zooplankton clone M2027F01 cytochrome c oxidase subunit I (COI) gene, partial cds; mitochondrial	KT186362	444323	90.735	100	1.72e-112	418
ASV4777	Uncultured marine zooplankton clone M1226F02 cytochrome c oxidase subunit I (COI) gene, partial cds; mitochondrial	KT186361	444323	90.735	100	1.72e-112	418
ASV4777	Uncultured marine zooplankton clone M1226F01 cytochrome c oxidase subunit I (COI) gene, partial cds; mitochondrial	KT186359	444323	90.735	100	1.72e-112	418
ASV4777	Centropages hamatus cytochrome oxidase subunit 1 (COI) gene, partial cds; mitochondrial	EU016220	136183	90.735	100	1.72e-112	418
ASV4777	Centropages hamatus cytochrome-c oxidase subunit I (coxI) gene, partial cds; mitochondrial gene for mitochondrial product	AF259663	136183	90.735	100	1.72e-112	418
ASV4814	Phaeocystis antarctica strain CCMP1374 mitochondrion, partial genome	JN131834	33657	90.096	100	3.72e-109	407
ASV4856	Candidatus Pelagibacter ubique HTCC1062, complete genome	CP000084	335992	92.949	99	1.31e-123	455
ASV4856	Candidatus Pelagibacter giovannonii strain NP1 chromosome, complete genome	CP038852	2563896	92.308	99	2.84e-120	444
ASV5007	Cyclotella cryptica voucher CCMP332 cytochrome oxidase subunit I (COI) gene, partial sequence; mitochondrial	GQ844251	29204	90.397	96	2.24e-106	398
ASV5088	Uncultured dinoflagellate voucher S3-55 cytochrome c oxidase subunit I (COI) gene, partial sequence; mitochondrial	GQ501538	187300	90.852	100	3.73e-114	424
ASV5088	Margalefidinium polykrikoides mitochondrial COI gene for cytochrome c oxidase subunit 1, partial cds, isolate: EastAsian_Bloom_Aug	LC150744	77300	90.536	100	1.74e-112	418
ASV5088	Uncultured dinoflagellate voucher S4-19 cytochrome oxidase subunit I (COI) gene, partial sequence; mitochondrial	HM236193	187300	90.536	100	1.74e-112	418
ASV5088	Uncultured dinoflagellate voucher S4-61 cytochrome c oxidase subunit I (COI) gene, partial sequence; mitochondrial	GQ501817	187300	90.536	100	1.74e-112	418
ASV5088	Uncultured dinoflagellate voucher S3-78 cytochrome c oxidase subunit I (COI) gene, partial sequence; mitochondrial	GQ501610	187300	90.566	100	1.74e-112	418
ASV5088	Uncultured dinoflagellate voucher S4-78 cytochrome c oxidase subunit I (COI) gene, partial sequence; mitochondrial	GQ501833	187300	90.221	100	2.25e-111	414
ASV5088	Nusuttodinium aeruginosum mitochondrial COX1 gene for cytochrome c oxidase subunit 1, partial cds, isolate: Ainosato	LC027073	1488663	90.190	100	8.08e-111	412
ASV5088	Protoperidinium cf. depressum voucher SC-Saan-1.5 cytochrome c oxidase subunit I (COI) gene, partial sequence; mitochondrial	GQ502105	671127	90.252	100	8.08e-111	412
ASV5088	Protoperidinium cf. depressum voucher SC-Saan-1.3 cytochrome c oxidase subunit I (COI) gene, partial sequence; mitochondrial	GQ502104	671127	90.252	100	8.08e-111	412
ASV5088	Uncultured dinoflagellate voucher S4-65 cytochrome c oxidase subunit I (COI) gene, partial sequence; mitochondrial	GQ501828	187300	90.221	100	8.08e-111	412
ASV5111	Phaeocystis antarctica strain CCMP1374 mitochondrion, partial genome	JN131834	33657	91.374	100	7.94e-116	429
ASV5113	Candidatus Pelagibacter ubique HTCC1062, complete genome	CP000084	335992	91.374	100	7.94e-116	429
ASV5113	Candidatus Pelagibacter giovannonii strain NP1 chromosome, complete genome	CP038852	2563896	90.735	100	1.72e-112	418
ASV5120	Candidatus Pelagibacter ubique HTCC1062, complete genome	CP000084	335992	91.374	100	7.94e-116	429
ASV5120	Candidatus Pelagibacter giovannonii strain NP1 chromosome, complete genome	CP038852	2563896	90.735	100	1.72e-112	418
ASV5138	Candidatus Pelagibacter ubique HTCC1062, complete genome	CP000084	335992	90.735	100	1.72e-112	418
ASV5138	Candidatus Pelagibacter giovannonii strain NP1 chromosome, complete genome	CP038852	2563896	90.096	100	3.72e-109	407
ASV5203	Picobiliphyte sp. MS584-11 mitochondrion, complete genome	MG202007	1157699	92.013	100	3.67e-119	440
ASV5245	Uncultured dinoflagellate voucher S7-19 cytochrome c oxidase subunit I (COI) gene, partial sequence; mitochondrial	GQ501456	187300	95.570	100	3.60e-139	507
ASV5245	Uncultured dinoflagellate voucher S7-84 cytochrome c oxidase subunit I (COI) gene, partial sequence; mitochondrial	GQ501424	187300	95.570	100	3.60e-139	507
ASV5245	Margalefidinium polykrikoides mitochondrial COI gene for cytochrome c oxidase subunit 1, partial cds, isolate: EastAsian_Bloom_Aug	LC150744	77300	95.268	100	4.66e-138	503
ASV5245	Uncultured dinoflagellate voucher S4-65 cytochrome c oxidase subunit I (COI) gene, partial sequence; mitochondrial	GQ501828	187300	95.268	100	1.68e-137	501
ASV5245	Uncultured dinoflagellate voucher S4-34 cytochrome c oxidase subunit I (COI) gene, partial sequence; mitochondrial	GQ501816	187300	95.253	100	1.68e-137	501
ASV5245	Uncultured dinoflagellate voucher S4-3 cytochrome c oxidase subunit I (COI) gene, partial sequence; mitochondrial	GQ501699	187300	95.253	100	1.68e-137	501
ASV5245	Uncultured dinoflagellate voucher S3-78 cytochrome c oxidase subunit I (COI) gene, partial sequence; mitochondrial	GQ501610	187300	95.268	100	1.68e-137	501
ASV5245	Uncultured dinoflagellate voucher S3-55 cytochrome c oxidase subunit I (COI) gene, partial sequence; mitochondrial	GQ501538	187300	95.268	100	1.68e-137	501
ASV5245	Uncultured dinoflagellate voucher S7-114-1 cytochrome c oxidase subunit I (COI) gene, partial sequence; mitochondrial	GQ501787	187300	94.953	100	2.17e-136	497
ASV5245	Uncultured dinoflagellate voucher S4-19 cytochrome oxidase subunit I (COI) gene, partial sequence; mitochondrial	HM236193	187300	94.953	100	7.80e-136	496
