ASV325	Cladosporium sp. strain YFCC8620 mitochondrion, complete genome	MN657180	1707700	94.569	100	1.67e-132	484
ASV325	Cladosporium cladosporioides strain YFCC 8621 mitochondrion, complete genome	MN661341	29917	92.971	100	3.64e-124	457
ASV325	Cladosporium sphaerospermum mitochondrion, complete genome	NC_050879	92950	90.415	100	8.00e-111	412
ASV325	Cladosporium sphaerospermum mitochondrion, complete genome	MN657181	92950	90.415	100	8.00e-111	412
ASV325	Cladosporium tenuissimum isolate 31 cytochrome oxidase subunit I (COI) gene, partial cds; mitochondrial	FJ590522	70808	93.966	74	1.77e-92	351
ASV325	Cladosporium sp. BM-2009-5 cytochrome oxidase subunit I (COI) gene, partial cds; mitochondrial	FJ590526	664273	93.103	74	3.83e-89	340
ASV325	Hemiptera sp. BIOUG03439-D03 cytochrome oxidase subunit 1 (COI) gene, partial cds; mitochondrial	MF928833	2249799	91.949	75	6.40e-87	333
ASV325	Cladosporium sp. strain D1.2 cytochrome oxidase subunit I (cox1) gene, partial cds; mitochondrial	MT647895	1707700	93.665	71	2.30e-86	331
ASV325	Albugo laibachii Nc14, genomic contig CONTIG_3975_NC14_v4_286_11	FR826808	890382	93.953	69	1.07e-84	326
ASV325	Cladosporium sp. BM-2009-3 cytochrome oxidase subunit I (COI) gene, partial cds; mitochondrial	FJ590524	664271	91.379	74	1.79e-82	318
ASV408	Amaeana trilobata isolate NO03 DNA3 cytochrome oxidase subunit I (COI) gene, partial cds; mitochondrial	MT166979	153617	95.820	100	4.58e-138	503
ASV423	Aequorea sp. USCABGF voucher M0D026478J cytochrome c oxidase subunit I (COI) gene, partial cds; mitochondrial	MF742074	2137086	93.248	99	1.01e-124	459
ASV423	Aequorea sp. USCAPIL voucher M0D024606J cytochrome c oxidase subunit I (COI) gene, partial cds; mitochondrial	MF742063	2137084	93.248	99	1.01e-124	459
ASV423	Aequorea sp. USWAWBS voucher M0D022561S cytochrome c oxidase subunit I (COI) gene, partial cds; mitochondrial	MF742051	2137077	93.248	99	1.01e-124	459
ASV423	Aequorea sp. USCAPIL voucher M0D024607K cytochrome c oxidase subunit I (COI) gene, partial cds; mitochondrial	MF742064	2137084	92.926	99	4.71e-123	453
ASV423	Aequorea sp. USCAPIL voucher M0D024605I cytochrome c oxidase subunit I (COI) gene, partial cds; mitochondrial	MF742062	2137084	92.926	99	4.71e-123	453
ASV423	Aequorea sp. USORNPT voucher M0D025614D cytochrome c oxidase subunit I (COI) gene, partial cds; mitochondrial	MF742052	2137082	92.926	99	4.71e-123	453
ASV423	Aequorea sp. USWABSP voucher M0D022379S cytochrome c oxidase subunit I (COI) gene, partial cds; mitochondrial	MF742049	2137081	92.926	99	4.71e-123	453
ASV423	Aequorea sp. USWABSP voucher M0D022377Q cytochrome c oxidase subunit I (COI) gene, partial cds; mitochondrial	MF742047	2137081	92.926	99	4.71e-123	453
ASV423	Aequorea sp. USWAWBS voucher M0D019908R cytochrome c oxidase subunit I (COI) gene, partial cds; mitochondrial	MF742028	2137077	92.926	99	4.71e-123	453
ASV423	Aequorea sp. USWAENR voucher M0D020265K cytochrome c oxidase subunit I (COI) gene, partial cds; mitochondrial	MF742032	2137078	92.605	99	6.09e-122	449
ASV574	Aequorea sp. USCABGF voucher M0D026478J cytochrome c oxidase subunit I (COI) gene, partial cds; mitochondrial	MF742074	2137086	93.248	100	1.01e-124	459
ASV574	Aequorea sp. USCAPIL voucher M0D024606J cytochrome c oxidase subunit I (COI) gene, partial cds; mitochondrial	MF742063	2137084	93.248	100	1.01e-124	459
ASV574	Aequorea sp. USWAWBS voucher M0D022561S cytochrome c oxidase subunit I (COI) gene, partial cds; mitochondrial	MF742051	2137077	93.248	100	1.01e-124	459
ASV574	Aequorea sp. USCAPIL voucher M0D024607K cytochrome c oxidase subunit I (COI) gene, partial cds; mitochondrial	MF742064	2137084	92.926	100	4.68e-123	453
ASV574	Aequorea sp. USCAPIL voucher M0D024605I cytochrome c oxidase subunit I (COI) gene, partial cds; mitochondrial	MF742062	2137084	92.926	100	4.68e-123	453
ASV574	Aequorea sp. USORNPT voucher M0D025614D cytochrome c oxidase subunit I (COI) gene, partial cds; mitochondrial	MF742052	2137082	92.926	100	4.68e-123	453
ASV574	Aequorea sp. USWABSP voucher M0D022379S cytochrome c oxidase subunit I (COI) gene, partial cds; mitochondrial	MF742049	2137081	92.926	100	4.68e-123	453
ASV574	Aequorea sp. USWABSP voucher M0D022377Q cytochrome c oxidase subunit I (COI) gene, partial cds; mitochondrial	MF742047	2137081	92.926	100	4.68e-123	453
ASV574	Aequorea sp. USWAWBS voucher M0D019908R cytochrome c oxidase subunit I (COI) gene, partial cds; mitochondrial	MF742028	2137077	92.926	100	4.68e-123	453
ASV574	Aequorea sp. USWAENR voucher M0D020265K cytochrome c oxidase subunit I (COI) gene, partial cds; mitochondrial	MF742032	2137078	92.605	100	6.05e-122	449
ASV813	Phaeocystis antarctica strain CCMP1374 mitochondrion, partial genome	JN131834	33657	92.013	100	3.67e-119	440
ASV813	Phaeocystis globosa isolate CNS00067 cytochrome oxidase subunit I (COXI) gene, partial cds; mitochondrial	MN927532	33658	90.038	83	1.38e-88	339
ASV813	Phaeocystis globosa isolate CNS00066 cytochrome oxidase subunit I (COXI) gene, partial cds; mitochondrial	MN927531	33658	90.038	83	1.38e-88	339
ASV813	Phaeocystis globosa isolate CNS00065 cytochrome oxidase subunit I (COXI) gene, partial cds; mitochondrial	MN927530	33658	90.038	83	1.38e-88	339
ASV813	Phaeocystis globosa isolate CNS00064 cytochrome oxidase subunit I (COXI) gene, partial cds; mitochondrial	MN927529	33658	90.038	83	1.38e-88	339
ASV813	Phaeocystis globosa isolate CNS00063 cytochrome oxidase subunit I (COXI) gene, partial cds; mitochondrial	MN927528	33658	90.038	83	1.38e-88	339
ASV813	Phaeocystis globosa isolate CNS00062 cytochrome oxidase subunit I (COXI) gene, partial cds; mitochondrial	MN927527	33658	90.038	83	1.38e-88	339
ASV901	Polaribacter reichenbachii strain KCTC 23969 chromosome	CP019337	996801	91.218	100	8.86e-131	479
ASV901	Polaribacter reichenbachii strain 6Alg 8T, complete genome	CP019419	996801	91.218	100	8.86e-131	479
ASV924	Metarhizium brunneum strain ARSEF 4556 mitochondrion, complete genome	LR792747	500148	91.667	99	6.14e-117	433
ASV924	Metarhizium brunneum strain 4556 mitochondrion, complete genome	CP058939	500148	91.667	99	6.14e-117	433
ASV924	Cordyceps sp. CUHK CSM1 culture-collection CUHK:CSM1 cytochrome oxidase subunit I gene, partial cds; mitochondrial	HM595941	1037537	91.667	99	6.14e-117	433
ASV924	Cordyceps sp. CUHK CD14-1 culture-collection CUHK:CD14-1 cytochrome oxidase subunit I gene, partial cds; mitochondrial	HM595942	1037536	91.346	99	2.86e-115	427
ASV924	Paecilomyces penicillatus strain SAAS_ppe1 mitochondrion, complete genome	NC_043850	264952	91.054	100	3.69e-114	424
ASV924	Paecilomyces penicillatus strain SAAS_ppe1 mitochondrion, complete genome	MK069583	264952	91.054	100	3.69e-114	424
ASV924	Metacordyceps chlamydosporia strain 170 mitochondrion, complete genome	KF479445	280754	91.026	99	1.33e-113	422
ASV924	Metarhizium anisopliae voucher DAOM 2377350.1 COI gene, partial sequence; mitochondrial or numt	FJ501247	5530	90.705	99	6.18e-112	416
ASV924	Beauveria bassiana isolate k4 mitochondrion, complete genome	KT201148	176275	90.096	100	3.72e-109	407
ASV924	Beauveria bassiana isolate ARSEF13136 cytochrome oxidase subunit 1 gene, partial cds; mitochondrial	KR733105	176275	90.096	100	3.72e-109	407
ASV1036	Stigmatoteuthis cf. hoylei HEB-2019 voucher NIWA_119220B cytochrome oxidase subunit 1 (COI) gene, partial cds; mitochondrial	MK185993	2678274	94.249	100	7.77e-131	479
ASV1036	Stigmatoteuthis cf. hoylei HEB-2019 voucher NIWA_119219A cytochrome oxidase subunit 1 (COI) gene, partial cds; mitochondrial	MK185992	2678274	94.249	100	7.77e-131	479
ASV1036	Histioteuthis hoylei cytochrome c oxidase subunit I (COI) gene, mitochondrial gene encoding mitochondrial protein, partial cds	AF000045	61677	93.569	99	2.18e-126	464
ASV1036	Stigmatoteuthis arcturi voucher DP0803 cytochrome oxidase subunit I gene, partial cds; mitochondrial	MG591287	2053936	93.291	100	7.83e-126	462
ASV1043	Parengyodontium album voucher ATCC:56482 mitochondrion, complete genome	KX061492	37998	94.872	99	1.29e-133	488
ASV1043	Beauveria bassiana strain ZJ001 mitochondrion, complete genome	MH211586	176275	93.930	100	3.62e-129	473
ASV1043	Beauveria bassiana isolate k4 mitochondrion, complete genome	KT201148	176275	93.930	100	3.62e-129	473
ASV1043	Beauveria bassiana isolate ARSEF13136 cytochrome oxidase subunit 1 gene, partial cds; mitochondrial	KR733105	176275	93.930	100	3.62e-129	473
ASV1043	Beauveria bassiana isolate e17 mitochondrion, complete genome	KT201149	176275	93.610	100	1.68e-127	468
ASV1043	Beauveria bassiana mitochondrion, complete genome	KU869769	176275	93.610	100	1.68e-127	468
ASV1043	Beauveria bassiana voucher LRC1370.1 COI gene, partial sequence; mitochondrial or numt	FJ501223	176275	93.610	100	1.68e-127	468
ASV1043	Cordyceps bassiana isolate Bb147 mitochondrion, complete genome	EU100742	176275	93.610	100	1.68e-127	468
ASV1043	Beauveria bassiana mitochondrion, complete genome	EU371503	176275	93.610	100	1.68e-127	468
ASV1043	Beauveria bassiana voucher DAOM 2335220.1 COI gene, partial sequence; mitochondrial or numt	FJ501224	176275	93.291	100	7.83e-126	462
ASV1096	Polaribacter reichenbachii strain KCTC 23969 chromosome	CP019337	996801	91.218	100	8.86e-131	479
ASV1096	Polaribacter reichenbachii strain 6Alg 8T, complete genome	CP019419	996801	91.218	100	8.86e-131	479
ASV1170	Amaeana trilobata isolate NO03 DNA3 cytochrome oxidase subunit I (COI) gene, partial cds; mitochondrial	MT166979	153617	95.833	100	1.28e-138	505
ASV1278	Aphrodita longipalpa voucher BIOUG06965-A06 cytochrome oxidase subunit 1 (COI) gene, partial cds; mitochondrial	MG422094	868023	90.064	99	1.34e-108	405
ASV1278	Aphrodita hastata isolate SERCINVERT1868 cytochrome oxidase subunit 1 (COI) gene, partial cds; mitochondrial	MK308206	2510234	90.064	99	1.34e-108	405
ASV1278	Aphrodita hastata isolate SERCINVERT1919 cytochrome oxidase subunit 1 (COI) gene, partial cds; mitochondrial	MK308162	2510234	90.064	99	1.34e-108	405
ASV1278	Aphrodita hastata isolate SERCINVERT1867 cytochrome oxidase subunit 1 (COI) gene, partial cds; mitochondrial	MK308113	2510234	90.064	99	1.34e-108	405
ASV1278	Aphrodita hastata isolate SERCINVERT1920 cytochrome oxidase subunit 1 (COI) gene, partial cds; mitochondrial	MK308020	2510234	90.064	99	1.34e-108	405
ASV1278	Aphroditella hastata voucher BIOUG<CAN>:HUNTSPOL0387 cytochrome oxidase subunit 1 (COI) gene, partial cds; mitochondrial	HQ023985	880437	90.064	99	1.34e-108	405
ASV1278	Aphrodita hastata isolate SERCINVERT1921 cytochrome oxidase subunit 1 (COI) gene, partial cds; mitochondrial	MK308264	2510234	90.667	96	6.22e-107	399
ASV1375	Molpadia musculus isolate MOLN128 cytochrome oxidase subunit I (COI) gene, partial cds	HM196470	864627	92.208	98	1.71e-117	435
ASV1375	Molpadia musculus isolate MOLSI033 cytochrome oxidase subunit I (COI) gene, partial cds	HM196477	864627	91.558	98	3.69e-114	424
ASV1375	Molpadia musculus isolate MOLAF574 cytochrome oxidase subunit I (COI) gene, partial cds	HM196476	864627	91.558	98	3.69e-114	424
ASV1375	Molpadia musculus complex sp. AKM-2016 voucher SIO:BIC:E5295 cytochrome c oxidase subunit I (COI) gene, partial cds; mitochondrial	KX874386	1902941	91.234	98	1.72e-112	418
ASV1375	Molpadia musculus isolate MOLAF808 cytochrome oxidase subunit I (COI) gene, partial cds	HM196480	864627	91.234	98	1.72e-112	418
ASV1375	Molpadia musculus isolate MOLAF807 cytochrome oxidase subunit I (COI) gene, partial cds	HM196479	864627	91.234	98	1.72e-112	418
ASV1375	Molpadia musculus isolate MOLAF232 cytochrome oxidase subunit I (COI) gene, partial cds	HM196467	864627	90.735	100	1.72e-112	418
ASV1375	Molpadia musculus isolate MOLAF809 cytochrome oxidase subunit I (COI) gene, partial cds	HM196478	864627	91.205	98	6.18e-112	416
ASV1375	Molpadia musculus isolate MOLAF667 cytochrome oxidase subunit I (COI) gene, partial cds	HM196469	864627	90.260	98	1.73e-107	401
ASV1443	Aequorea sp. USCABGF voucher M0D026478J cytochrome c oxidase subunit I (COI) gene, partial cds; mitochondrial	MF742074	2137086	93.248	99	1.01e-124	459
ASV1443	Aequorea sp. USCAPIL voucher M0D024606J cytochrome c oxidase subunit I (COI) gene, partial cds; mitochondrial	MF742063	2137084	93.248	99	1.01e-124	459
ASV1443	Aequorea sp. USWAWBS voucher M0D022561S cytochrome c oxidase subunit I (COI) gene, partial cds; mitochondrial	MF742051	2137077	93.248	99	1.01e-124	459
ASV1443	Aequorea sp. USCAPIL voucher M0D024607K cytochrome c oxidase subunit I (COI) gene, partial cds; mitochondrial	MF742064	2137084	92.926	99	4.71e-123	453
ASV1443	Aequorea sp. USCAPIL voucher M0D024605I cytochrome c oxidase subunit I (COI) gene, partial cds; mitochondrial	MF742062	2137084	92.926	99	4.71e-123	453
ASV1443	Aequorea sp. USORNPT voucher M0D025614D cytochrome c oxidase subunit I (COI) gene, partial cds; mitochondrial	MF742052	2137082	92.926	99	4.71e-123	453
ASV1443	Aequorea sp. USWABSP voucher M0D022379S cytochrome c oxidase subunit I (COI) gene, partial cds; mitochondrial	MF742049	2137081	92.926	99	4.71e-123	453
ASV1443	Aequorea sp. USWABSP voucher M0D022377Q cytochrome c oxidase subunit I (COI) gene, partial cds; mitochondrial	MF742047	2137081	92.926	99	4.71e-123	453
ASV1443	Aequorea sp. USWAWBS voucher M0D019908R cytochrome c oxidase subunit I (COI) gene, partial cds; mitochondrial	MF742028	2137077	92.926	99	4.71e-123	453
ASV1443	Aequorea sp. USWAENR voucher M0D020265K cytochrome c oxidase subunit I (COI) gene, partial cds; mitochondrial	MF742032	2137078	92.605	99	6.09e-122	449
ASV1470	Sphaeronectes koellikeri voucher Hy020.1. cytochrome oxidase subunit I (COI) gene, partial cds; mitochondrial	GQ120046	2747905	90.809	87	2.27e-96	364
ASV1476	Molpadia musculus isolate MOLN128 cytochrome oxidase subunit I (COI) gene, partial cds	HM196470	864627	91.883	98	7.94e-116	429
ASV1476	Molpadia musculus isolate MOLSI033 cytochrome oxidase subunit I (COI) gene, partial cds	HM196477	864627	91.234	98	1.72e-112	418
ASV1476	Molpadia musculus isolate MOLAF574 cytochrome oxidase subunit I (COI) gene, partial cds	HM196476	864627	91.234	98	1.72e-112	418
ASV1476	Molpadia musculus complex sp. AKM-2016 voucher SIO:BIC:E5295 cytochrome c oxidase subunit I (COI) gene, partial cds; mitochondrial	KX874386	1902941	90.909	98	8.00e-111	412
ASV1476	Molpadia musculus isolate MOLAF808 cytochrome oxidase subunit I (COI) gene, partial cds	HM196480	864627	90.909	98	8.00e-111	412
ASV1476	Molpadia musculus isolate MOLAF807 cytochrome oxidase subunit I (COI) gene, partial cds	HM196479	864627	90.909	98	8.00e-111	412
ASV1476	Molpadia musculus isolate MOLAF232 cytochrome oxidase subunit I (COI) gene, partial cds	HM196467	864627	90.415	100	8.00e-111	412
ASV1476	Molpadia musculus isolate MOLAF809 cytochrome oxidase subunit I (COI) gene, partial cds	HM196478	864627	90.879	98	2.88e-110	411
ASV1527	Aequorea sp. USCABGF voucher M0D026478J cytochrome c oxidase subunit I (COI) gene, partial cds; mitochondrial	MF742074	2137086	93.248	100	1.01e-124	459
ASV1527	Aequorea sp. USCAPIL voucher M0D024606J cytochrome c oxidase subunit I (COI) gene, partial cds; mitochondrial	MF742063	2137084	93.248	100	1.01e-124	459
ASV1527	Aequorea sp. USWAWBS voucher M0D022561S cytochrome c oxidase subunit I (COI) gene, partial cds; mitochondrial	MF742051	2137077	93.248	100	1.01e-124	459
ASV1527	Aequorea sp. USCAPIL voucher M0D024607K cytochrome c oxidase subunit I (COI) gene, partial cds; mitochondrial	MF742064	2137084	92.926	100	4.68e-123	453
ASV1527	Aequorea sp. USCAPIL voucher M0D024605I cytochrome c oxidase subunit I (COI) gene, partial cds; mitochondrial	MF742062	2137084	92.926	100	4.68e-123	453
ASV1527	Aequorea sp. USORNPT voucher M0D025614D cytochrome c oxidase subunit I (COI) gene, partial cds; mitochondrial	MF742052	2137082	92.926	100	4.68e-123	453
ASV1527	Aequorea sp. USWABSP voucher M0D022379S cytochrome c oxidase subunit I (COI) gene, partial cds; mitochondrial	MF742049	2137081	92.926	100	4.68e-123	453
ASV1527	Aequorea sp. USWABSP voucher M0D022377Q cytochrome c oxidase subunit I (COI) gene, partial cds; mitochondrial	MF742047	2137081	92.926	100	4.68e-123	453
ASV1527	Aequorea sp. USWAWBS voucher M0D019908R cytochrome c oxidase subunit I (COI) gene, partial cds; mitochondrial	MF742028	2137077	92.926	100	4.68e-123	453
ASV1527	Aequorea sp. USWAENR voucher M0D020265K cytochrome c oxidase subunit I (COI) gene, partial cds; mitochondrial	MF742032	2137078	92.605	100	6.05e-122	449
ASV1578	Apolemia sp. BO-2009 voucher Hy100.2.1 cytochrome oxidase subunit I (COI) gene, partial cds; mitochondrial	GQ119954	645324	92.652	100	1.69e-122	451
ASV1578	Apolemia sp. 1 YPM 35035 cytochrome oxidase subunit I (COI) gene, partial cds; mitochondrial	AY937365	325432	91.054	100	3.69e-114	424
ASV1578	Apolemia lanosa isolate D327_D4 cytochrome oxidase subunit I gene, partial cds; mitochondrial	KF214718	1390099	90.096	100	3.72e-109	407
ASV1578	Apolemia sp. BO-2009 voucher Hy100.1.1 cytochrome oxidase subunit I (COI) gene, partial cds; mitochondrial	GQ119955	645324	90.096	100	3.72e-109	407
ASV1578	Apolemia rubriversa isolate D331_D4 cytochrome oxidase subunit I gene, partial cds; mitochondrial	KF214719	1390100	90.000	99	6.22e-107	399
ASV1587	Polaribacter reichenbachii strain KCTC 23969 chromosome	CP019337	996801	90.935	100	4.12e-129	473
ASV1587	Polaribacter reichenbachii strain 6Alg 8T, complete genome	CP019419	996801	90.935	100	4.12e-129	473
ASV1588	Nemertea sp. BMBM-0668 cytochrome oxidase subunit 1 (COI) gene, partial cds; mitochondrial	MH242860	2172802	92.652	100	1.69e-122	451
ASV1588	Cerebratulus sp. BOLD:ACM5919 voucher NemBar1143 cytochrome oxidase subunit 1 (COI) gene, partial cds; mitochondrial	KP697724	1666980	94.118	87	8.00e-111	412
ASV1685	Skeletonema japonicum mitochondrial coxI gene for cytochrome oxidase subunit I, partial cds, strain: CCMP1281	AB706234	267983	94.551	99	6.01e-132	483
ASV1685	Skeletonema japonicum mitochondrial cox1 gene for cytochrome oxidase subunit I, partial cds, strain: FCH120	LC192724	267983	94.231	99	2.80e-130	477
ASV1685	Skeletonema japonicum mitochondrial coxI gene for cytochrome oxidase subunit I, partial cds, strain: FDK172	AB706235	267983	94.231	99	2.80e-130	477
ASV1685	Skeletonema tropicum mitochondrial coxI gene for cytochrome oxidase subunit I, partial cds, strain: CCMP2070	AB706250	267982	93.910	99	1.30e-128	472
ASV1685	Skeletonema pseudocostatum mitochondrial cox1 gene for cytochrnome oxidase subunit I, partial cds, strain: FDK361	LC222540	41457	93.590	99	6.05e-127	466
ASV1685	Skeletonema cf. pseudocostatum mitochondrial cox1 gene for cytochrome oxidase subunit I, partial cds, strain: FDK301	LC192735	373514	93.590	99	6.05e-127	466
ASV1685	Skeletonema cf. pseudocostatum mitochondrial cox1 gene for cytochrome oxidase subunit I, partial cds, strain: FHM005	LC192716	373514	93.590	99	6.05e-127	466
ASV1685	Skeletonema cf. pseudocostatum mitochondrial cox1 gene for cytochrome oxidase subunit I, partial cds, strain: FHM004	LC192713	373514	93.590	99	6.05e-127	466
ASV1685	Skeletonema pseudocostatum strain CNS00342 mitochondrion, complete genome	MW438980	41457	93.590	99	6.05e-127	466
ASV1685	Skeletonema pseudocostatum mitochondrial coxI gene for cytochrome oxidase subunit I, partial cds, strain: CCMP2472	AB706245	41457	93.590	99	6.05e-127	466
ASV1790	Aequorea sp. USCABGF voucher M0D026478J cytochrome c oxidase subunit I (COI) gene, partial cds; mitochondrial	MF742074	2137086	93.248	99	1.01e-124	459
ASV1790	Aequorea sp. USCAPIL voucher M0D024606J cytochrome c oxidase subunit I (COI) gene, partial cds; mitochondrial	MF742063	2137084	93.248	99	1.01e-124	459
ASV1790	Aequorea sp. USWAWBS voucher M0D022561S cytochrome c oxidase subunit I (COI) gene, partial cds; mitochondrial	MF742051	2137077	93.248	99	1.01e-124	459
ASV1790	Aequorea sp. USWAENR voucher M0D020267M cytochrome c oxidase subunit I (COI) gene, partial cds; mitochondrial	MF742034	2137078	93.248	99	1.01e-124	459
ASV1790	Aequorea sp. USCAPIL voucher M0D024607K cytochrome c oxidase subunit I (COI) gene, partial cds; mitochondrial	MF742064	2137084	92.926	99	4.71e-123	453
ASV1790	Aequorea sp. USCAPIL voucher M0D024605I cytochrome c oxidase subunit I (COI) gene, partial cds; mitochondrial	MF742062	2137084	92.926	99	4.71e-123	453
ASV1790	Aequorea sp. USORNPT voucher M0D025614D cytochrome c oxidase subunit I (COI) gene, partial cds; mitochondrial	MF742052	2137082	92.926	99	4.71e-123	453
ASV1790	Aequorea sp. USWABSP voucher M0D022379S cytochrome c oxidase subunit I (COI) gene, partial cds; mitochondrial	MF742049	2137081	92.926	99	4.71e-123	453
ASV1790	Aequorea sp. USWABSP voucher M0D022377Q cytochrome c oxidase subunit I (COI) gene, partial cds; mitochondrial	MF742047	2137081	92.926	99	4.71e-123	453
ASV1790	Aequorea sp. USWAWBS voucher M0D019908R cytochrome c oxidase subunit I (COI) gene, partial cds; mitochondrial	MF742028	2137077	92.926	99	4.71e-123	453
ASV1830	Aequorea sp. USCABGF voucher M0D026478J cytochrome c oxidase subunit I (COI) gene, partial cds; mitochondrial	MF742074	2137086	93.891	99	4.68e-128	470
ASV1830	Aequorea sp. USCAPIL voucher M0D024606J cytochrome c oxidase subunit I (COI) gene, partial cds; mitochondrial	MF742063	2137084	93.891	99	4.68e-128	470
ASV1830	Aequorea sp. USWAWBS voucher M0D022561S cytochrome c oxidase subunit I (COI) gene, partial cds; mitochondrial	MF742051	2137077	93.891	99	4.68e-128	470
ASV1830	Aequorea sp. USCAPIL voucher M0D024607K cytochrome c oxidase subunit I (COI) gene, partial cds; mitochondrial	MF742064	2137084	93.569	99	2.18e-126	464
ASV1830	Aequorea sp. USCAPIL voucher M0D024605I cytochrome c oxidase subunit I (COI) gene, partial cds; mitochondrial	MF742062	2137084	93.569	99	2.18e-126	464
ASV1830	Aequorea sp. USORNPT voucher M0D025614D cytochrome c oxidase subunit I (COI) gene, partial cds; mitochondrial	MF742052	2137082	93.569	99	2.18e-126	464
ASV1830	Aequorea sp. USWABSP voucher M0D022379S cytochrome c oxidase subunit I (COI) gene, partial cds; mitochondrial	MF742049	2137081	93.569	99	2.18e-126	464
ASV1830	Aequorea sp. USWABSP voucher M0D022377Q cytochrome c oxidase subunit I (COI) gene, partial cds; mitochondrial	MF742047	2137081	93.569	99	2.18e-126	464
ASV1830	Aequorea sp. USWAWBS voucher M0D019908R cytochrome c oxidase subunit I (COI) gene, partial cds; mitochondrial	MF742028	2137077	93.569	99	2.18e-126	464
ASV1830	Aequorea sp. USWAENR voucher M0D020265K cytochrome c oxidase subunit I (COI) gene, partial cds; mitochondrial	MF742032	2137078	93.248	99	2.82e-125	460
ASV1902	Marinomonas sp. M1K-6 chromosome, complete genome	CP073013	2726122	91.860	100	1.98e-59	241
ASV1970	Phaeocystis antarctica strain CCMP1374 mitochondrion, partial genome	JN131834	33657	91.693	100	1.71e-117	435
ASV1981	Sphaeronectes koellikeri voucher Hy020.1. cytochrome oxidase subunit I (COI) gene, partial cds; mitochondrial	GQ120046	2747905	91.176	87	4.88e-98	370
ASV2089	Aequorea sp. USCABGF voucher M0D026478J cytochrome c oxidase subunit I (COI) gene, partial cds; mitochondrial	MF742074	2137086	94.534	99	2.16e-131	481
ASV2089	Aequorea sp. USCAPIL voucher M0D024606J cytochrome c oxidase subunit I (COI) gene, partial cds; mitochondrial	MF742063	2137084	94.534	99	2.16e-131	481
ASV2089	Aequorea sp. USWAWBS voucher M0D022561S cytochrome c oxidase subunit I (COI) gene, partial cds; mitochondrial	MF742051	2137077	94.534	99	2.16e-131	481
ASV2089	Aequorea sp. USCAPIL voucher M0D024607K cytochrome c oxidase subunit I (COI) gene, partial cds; mitochondrial	MF742064	2137084	94.212	99	1.01e-129	475
ASV2089	Aequorea sp. USCAPIL voucher M0D024605I cytochrome c oxidase subunit I (COI) gene, partial cds; mitochondrial	MF742062	2137084	94.212	99	1.01e-129	475
ASV2089	Aequorea sp. USORNPT voucher M0D025614D cytochrome c oxidase subunit I (COI) gene, partial cds; mitochondrial	MF742052	2137082	94.212	99	1.01e-129	475
ASV2089	Aequorea sp. USWABSP voucher M0D022379S cytochrome c oxidase subunit I (COI) gene, partial cds; mitochondrial	MF742049	2137081	94.212	99	1.01e-129	475
ASV2089	Aequorea sp. USWABSP voucher M0D022377Q cytochrome c oxidase subunit I (COI) gene, partial cds; mitochondrial	MF742047	2137081	94.212	99	1.01e-129	475
ASV2089	Aequorea sp. USWAWBS voucher M0D019908R cytochrome c oxidase subunit I (COI) gene, partial cds; mitochondrial	MF742028	2137077	94.212	99	1.01e-129	475
ASV2089	Aequorea sp. USWAENR voucher M0D020265K cytochrome c oxidase subunit I (COI) gene, partial cds; mitochondrial	MF742032	2137078	93.891	99	1.30e-128	472
ASV2349	Cladosporium sp. strain YFCC8620 mitochondrion, complete genome	MN657180	1707700	94.249	100	7.77e-131	479
ASV2349	Cladosporium cladosporioides strain YFCC 8621 mitochondrion, complete genome	MN661341	29917	92.652	100	1.69e-122	451
ASV2349	Cladosporium sphaerospermum mitochondrion, complete genome	NC_050879	92950	90.096	100	3.72e-109	407
ASV2349	Cladosporium sphaerospermum mitochondrion, complete genome	MN657181	92950	90.096	100	3.72e-109	407
ASV2349	Cladosporium tenuissimum isolate 31 cytochrome oxidase subunit I (COI) gene, partial cds; mitochondrial	FJ590522	70808	93.534	74	8.23e-91	346
ASV2349	Cladosporium sp. BM-2009-5 cytochrome oxidase subunit I (COI) gene, partial cds; mitochondrial	FJ590526	664273	92.672	74	1.78e-87	335
ASV2349	Hemiptera sp. BIOUG03439-D03 cytochrome oxidase subunit 1 (COI) gene, partial cds; mitochondrial	MF928833	2249799	91.525	75	2.98e-85	327
ASV2349	Cladosporium sp. strain D1.2 cytochrome oxidase subunit I (cox1) gene, partial cds; mitochondrial	MT647895	1707700	93.213	71	1.07e-84	326
ASV2349	Albugo laibachii Nc14, genomic contig CONTIG_3975_NC14_v4_286_11	FR826808	890382	93.488	69	4.99e-83	320
ASV2349	Cladosporium sp. BM-2009-3 cytochrome oxidase subunit I (COI) gene, partial cds; mitochondrial	FJ590524	664271	90.948	74	8.34e-81	313
ASV2366	Sphaeronectes koellikeri voucher Hy020.1. cytochrome oxidase subunit I (COI) gene, partial cds; mitochondrial	GQ120046	2747905	91.176	87	4.88e-98	370
ASV2579	Aequorea sp. USCABGF voucher M0D026478J cytochrome c oxidase subunit I (COI) gene, partial cds; mitochondrial	MF742074	2137086	93.891	100	4.64e-128	470
ASV2579	Aequorea sp. USCAPIL voucher M0D024606J cytochrome c oxidase subunit I (COI) gene, partial cds; mitochondrial	MF742063	2137084	93.891	100	4.64e-128	470
ASV2579	Aequorea sp. USWAWBS voucher M0D022561S cytochrome c oxidase subunit I (COI) gene, partial cds; mitochondrial	MF742051	2137077	93.891	100	4.64e-128	470
ASV2579	Aequorea sp. USCAPIL voucher M0D024607K cytochrome c oxidase subunit I (COI) gene, partial cds; mitochondrial	MF742064	2137084	93.569	100	2.16e-126	464
ASV2579	Aequorea sp. USCAPIL voucher M0D024605I cytochrome c oxidase subunit I (COI) gene, partial cds; mitochondrial	MF742062	2137084	93.569	100	2.16e-126	464
ASV2579	Aequorea sp. USORNPT voucher M0D025614D cytochrome c oxidase subunit I (COI) gene, partial cds; mitochondrial	MF742052	2137082	93.569	100	2.16e-126	464
ASV2579	Aequorea sp. USWABSP voucher M0D022379S cytochrome c oxidase subunit I (COI) gene, partial cds; mitochondrial	MF742049	2137081	93.569	100	2.16e-126	464
ASV2579	Aequorea sp. USWABSP voucher M0D022377Q cytochrome c oxidase subunit I (COI) gene, partial cds; mitochondrial	MF742047	2137081	93.569	100	2.16e-126	464
ASV2579	Aequorea sp. USWAWBS voucher M0D019908R cytochrome c oxidase subunit I (COI) gene, partial cds; mitochondrial	MF742028	2137077	93.569	100	2.16e-126	464
ASV2579	Aequorea sp. USWAENR voucher M0D020265K cytochrome c oxidase subunit I (COI) gene, partial cds; mitochondrial	MF742032	2137078	93.248	100	2.80e-125	460
ASV2642	Lineidae sp. KuramBio1 12-5 isolate KB2het3 cytochrome oxidase subunit I (COI) gene, partial cds; mitochondrial	MN205497	2598549	91.339	81	2.29e-91	348
ASV2860	Laonice sp. DZMB-HH-57467.65 cytochrome oxidase subunit I (COI) gene, partial cds; mitochondrial	MG234508	2069105	91.026	100	1.32e-113	422
ASV2865	Terebellides sp. DZMB-HH 34176 cytochrome c oxidase subunit I (COI) gene, partial cds; mitochondrial	MG025167	2248629	91.026	99	1.33e-113	422
ASV2865	Terebellides sp. DZMB-HH 30010 cytochrome c oxidase subunit I (COI) gene, partial cds; mitochondrial	MG025317	2248591	90.735	99	6.18e-112	416
ASV2865	Terebellides sp. ZMBN 116396 voucher ZMBN:116396 cytochrome c oxidase subunit I (COI) gene, partial cds; mitochondrial	MG025166	2248502	90.705	99	6.18e-112	416
ASV2865	Terebellides sp. ZMBN 116393 voucher ZMBN:116393 cytochrome c oxidase subunit I (COI) gene, partial cds; mitochondrial	MG025163	2248500	90.705	99	6.18e-112	416
ASV2865	Terebellides sp. ZMBN 116389 voucher ZMBN:116389 cytochrome c oxidase subunit I (COI) gene, partial cds; mitochondrial	MG025159	2248626	90.705	99	6.18e-112	416
ASV2865	Terebellides sp. ZMBN 116388 voucher ZMBN:116388 cytochrome c oxidase subunit I (COI) gene, partial cds; mitochondrial	MG025168	2248630	90.429	97	6.22e-107	399
ASV2865	Terebellides sp. NTNU-VM-61376 cytochrome c oxidase subunit I (COI) gene, partial cds; mitochondrial	MG025169	2248503	90.000	93	1.05e-99	375
ASV3027	Aequorea sp. USCABGF voucher M0D026478J cytochrome c oxidase subunit I (COI) gene, partial cds; mitochondrial	MF742074	2137086	92.926	100	4.68e-123	453
ASV3027	Aequorea sp. USCAPIL voucher M0D024606J cytochrome c oxidase subunit I (COI) gene, partial cds; mitochondrial	MF742063	2137084	92.926	100	4.68e-123	453
ASV3027	Aequorea sp. USWAWBS voucher M0D022561S cytochrome c oxidase subunit I (COI) gene, partial cds; mitochondrial	MF742051	2137077	92.926	100	4.68e-123	453
ASV3027	Aequorea sp. USCAPIL voucher M0D024607K cytochrome c oxidase subunit I (COI) gene, partial cds; mitochondrial	MF742064	2137084	92.605	100	2.18e-121	448
ASV3027	Aequorea sp. USCAPIL voucher M0D024605I cytochrome c oxidase subunit I (COI) gene, partial cds; mitochondrial	MF742062	2137084	92.605	100	2.18e-121	448
ASV3027	Aequorea sp. USORNPT voucher M0D025614D cytochrome c oxidase subunit I (COI) gene, partial cds; mitochondrial	MF742052	2137082	92.605	100	2.18e-121	448
ASV3027	Aequorea sp. USWABSP voucher M0D022379S cytochrome c oxidase subunit I (COI) gene, partial cds; mitochondrial	MF742049	2137081	92.605	100	2.18e-121	448
ASV3027	Aequorea sp. USWABSP voucher M0D022377Q cytochrome c oxidase subunit I (COI) gene, partial cds; mitochondrial	MF742047	2137081	92.605	100	2.18e-121	448
ASV3027	Aequorea sp. USWAWBS voucher M0D019908R cytochrome c oxidase subunit I (COI) gene, partial cds; mitochondrial	MF742028	2137077	92.605	100	2.18e-121	448
ASV3027	Aequorea sp. USWAENR voucher M0D020265K cytochrome c oxidase subunit I (COI) gene, partial cds; mitochondrial	MF742032	2137078	92.283	100	2.81e-120	444
ASV3147	Candidatus Pelagibacter giovannonii strain NP1 chromosome, complete genome	CP038852	2563896	90.385	99	2.88e-110	411
ASV3147	Candidatus Pelagibacter ubique HTCC1062, complete genome	CP000084	335992	90.759	97	1.34e-108	405
ASV3158	Hematodinium sp. mitochondrial mRNA for cytochrome oxidase subunit I (cox1 gene), clone 1	HE610721	173654	93.671	100	3.66e-129	473
ASV3158	Hematodinium sp. mitochondrial partial cytochrome b, small subunit ribosomal RNA-like gene fragment and partial cytochrome oxidase subunit I, clone iii	HE610742	173654	93.798	82	1.36e-103	388
ASV3158	Hematodinium sp. mitochondrial partial mRNA for cytochrome b and cytochrome oxidase subunit I, clone vi	HE610766	173654	94.937	50	2.41e-61	248
ASV3206	Trichobranchus roseus voucher ZMBN:120609 cytochrome c oxidase subunit I (COI) gene, partial cds; mitochondrial	MH113923	2248427	93.269	99	2.82e-125	460
ASV3206	Trichobranchus roseus isolate Trichobranchus_roseus cytochrome oxidase subunit I (COI) gene, partial cds; mitochondrial	MT167036	2248427	92.933	90	8.00e-111	412
ASV3233	Uncultured Kareniaceae voucher S3-26 cytochrome c oxidase subunit I (COI) gene, partial sequence; mitochondrial	GQ501908	673114	91.111	99	2.89e-115	427
ASV3233	Uncultured Kareniaceae voucher S3-15 cytochrome c oxidase subunit I (COI) gene, partial sequence; mitochondrial	GQ501902	673114	90.794	99	3.73e-114	424
ASV3233	Uncultured Kareniaceae voucher S2-6 cytochrome c oxidase subunit I (COI) gene, partial sequence; mitochondrial	GQ501932	673114	90.794	99	1.34e-113	422
ASV3233	Uncultured Kareniaceae voucher S8-10 cytochrome c oxidase subunit I (COI) gene, partial sequence; mitochondrial	GQ501983	673114	90.476	99	1.74e-112	418
ASV3233	Uncultured Kareniaceae voucher ES8-67 cytochrome c oxidase subunit I (COI) gene, partial sequence; mitochondrial	GQ502035	673114	90.476	99	6.25e-112	416
ASV3233	Uncultured Kareniaceae voucher S2-47 cytochrome c oxidase subunit I (COI) gene, partial sequence; mitochondrial	GQ502031	673114	90.476	99	6.25e-112	416
ASV3233	Uncultured Kareniaceae voucher S2-37 cytochrome c oxidase subunit I (COI) gene, partial sequence; mitochondrial	GQ502028	673114	90.476	99	6.25e-112	416
ASV3233	Uncultured Kareniaceae voucher S6-108-1 cytochrome c oxidase subunit I (COI) gene, partial sequence; mitochondrial	GQ502016	673114	90.476	99	6.25e-112	416
ASV3233	Uncultured Kareniaceae voucher S6-101-1 cytochrome c oxidase subunit I (COI) gene, partial sequence; mitochondrial	GQ502012	673114	90.476	99	6.25e-112	416
ASV3233	Uncultured Kareniaceae voucher S6-104-1 cytochrome c oxidase subunit I (COI) gene, partial sequence; mitochondrial	GQ502011	673114	90.476	99	6.25e-112	416
ASV3296	Aequorea sp. USCABGF voucher M0D026478J cytochrome c oxidase subunit I (COI) gene, partial cds; mitochondrial	MF742074	2137086	94.534	100	2.15e-131	481
ASV3296	Aequorea sp. USCAPIL voucher M0D024606J cytochrome c oxidase subunit I (COI) gene, partial cds; mitochondrial	MF742063	2137084	94.534	100	2.15e-131	481
ASV3296	Aequorea sp. USWAWBS voucher M0D022561S cytochrome c oxidase subunit I (COI) gene, partial cds; mitochondrial	MF742051	2137077	94.534	100	2.15e-131	481
ASV3296	Aequorea sp. USCAPIL voucher M0D024607K cytochrome c oxidase subunit I (COI) gene, partial cds; mitochondrial	MF742064	2137084	94.212	100	9.98e-130	475
ASV3296	Aequorea sp. USCAPIL voucher M0D024605I cytochrome c oxidase subunit I (COI) gene, partial cds; mitochondrial	MF742062	2137084	94.212	100	9.98e-130	475
ASV3296	Aequorea sp. USORNPT voucher M0D025614D cytochrome c oxidase subunit I (COI) gene, partial cds; mitochondrial	MF742052	2137082	94.212	100	9.98e-130	475
ASV3296	Aequorea sp. USWABSP voucher M0D022379S cytochrome c oxidase subunit I (COI) gene, partial cds; mitochondrial	MF742049	2137081	94.212	100	9.98e-130	475
ASV3296	Aequorea sp. USWABSP voucher M0D022377Q cytochrome c oxidase subunit I (COI) gene, partial cds; mitochondrial	MF742047	2137081	94.212	100	9.98e-130	475
ASV3296	Aequorea sp. USWAWBS voucher M0D019908R cytochrome c oxidase subunit I (COI) gene, partial cds; mitochondrial	MF742028	2137077	94.212	100	9.98e-130	475
ASV3296	Aequorea sp. USWAENR voucher M0D020265K cytochrome c oxidase subunit I (COI) gene, partial cds; mitochondrial	MF742032	2137078	93.891	100	1.29e-128	472
ASV3398	Olleya sp. Bg11-27 chromosome, complete genome	CP025117	2058135	92.898	100	8.74e-141	512
ASV3398	Olleya sp. HaHaR_3_96 chromosome, complete genome	CP058987	2745560	92.614	100	4.07e-139	507
ASV3398	Psychroserpens sp. NJDZ02 chromosome, complete genome	CP039451	2570561	90.625	100	1.92e-127	468
ASV3398	Olleya aquimaris strain DAU311 chromosome, complete genome	CP031612	639310	90.598	99	6.90e-127	466
ASV3539	Apolemia sp. BO-2009 voucher Hy100.2.1 cytochrome oxidase subunit I (COI) gene, partial cds; mitochondrial	GQ119954	645324	92.652	100	1.69e-122	451
ASV3539	Apolemia sp. 1 YPM 35035 cytochrome oxidase subunit I (COI) gene, partial cds; mitochondrial	AY937365	325432	90.415	100	8.00e-111	412
ASV3539	Apolemia lanosa isolate D327_D4 cytochrome oxidase subunit I gene, partial cds; mitochondrial	KF214718	1390099	90.096	100	3.72e-109	407
ASV3539	Apolemia sp. BO-2009 voucher Hy100.1.1 cytochrome oxidase subunit I (COI) gene, partial cds; mitochondrial	GQ119955	645324	90.096	100	3.72e-109	407
ASV3539	Apolemia rubriversa isolate D331_D4 cytochrome oxidase subunit I gene, partial cds; mitochondrial	KF214719	1390100	90.000	99	6.22e-107	399
ASV3755	Nitzschia inconspicua clone TCC481 cytochrome oxidase subunit 1 gene, partial cds; mitochondrial	KC736649	303405	91.958	91	1.73e-107	401
ASV3771	Botrynema brucei voucher Hy007.4.1 cytochrome oxidase subunit I (COI) gene, partial cds; mitochondrial	GQ120075	497498	93.291	100	7.83e-126	462
ASV3771	Botrynema brucei voucher UCONN:Hy07.2.3 cytochrome oxidase subunit I (COI) gene, partial cds; mitochondrial	FJ602530	497498	91.589	68	8.40e-76	296
ASV3831	Sidonaster vaneyi voucher Ech245 cytochrome oxidase subunit 1 (COI) gene, partial cds; mitochondrial	EU870027	545825	93.891	99	4.68e-128	470
ASV3831	Eremicaster pacificus voucher RBCM EC00028 cytochrome oxidase subunit 1 (COI) gene, partial cds; mitochondrial	HM542927	868590	92.605	99	2.19e-121	448
ASV3831	Eremicaster pacificus voucher RBCM EC00029 cytochrome oxidase subunit 1 (COI) gene, partial cds; mitochondrial	HM542928	868590	92.605	99	2.19e-121	448
ASV3831	Eremicaster vicinus voucher ErvicLV71-10-8-1 cytochrome oxidase subunit 1 (COI) gene, partial cds; mitochondrial	MW591939	2822746	92.283	99	1.02e-119	442
ASV3831	Porcellanaster ceruleus isolate MR/V386-1 cytochrome c oxidase subunit I (COI) gene, partial cds; mitochondrial	KY908348	1794740	91.640	99	2.21e-116	431
ASV3881	Aeginura grimaldii voucher Hy131.1.1 cytochrome oxidase subunit I (COI) gene, partial cds; mitochondrial	GQ120081	645378	95.208	100	7.72e-136	496
ASV3881	Aeginura grimaldii isolate JAMSTEC151540 cytochrome oxidase subunit I (COI) gene, partial cds; mitochondrial	KY040290	645378	95.167	86	1.03e-114	425
ASV3986	Phaeocystis antarctica strain CCMP1374 mitochondrion, partial genome	JN131834	33657	91.374	100	7.94e-116	429
ASV4006	Aetideopsis rostrata isolate Ar1 cytochrome c oxidase subunit I gene, partial cds; mitochondrial	JQ819785	588326	95.192	99	2.78e-135	494
ASV4006	Aetideopsis rostrata voucher UCONN:Co154.2.3 cytochrome oxidase subunit I (COI) gene, partial cds; mitochondrial	FJ602485	588326	95.192	99	2.78e-135	494
ASV4006	Aetideopsis rostrata voucher UCONN:Co154.2.2 cytochrome oxidase subunit I (COI) gene, partial cds; mitochondrial	FJ602484	588326	94.872	99	1.29e-133	488
ASV4006	Aetideopsis rostrata isolate Ar5 cytochrome c oxidase subunit I gene, partial cds; mitochondrial	JQ819789	588326	94.551	99	6.01e-132	483
ASV4006	Aetideopsis rostrata voucher UCONN:Co154.2.1 cytochrome oxidase subunit I (COI) gene, partial cds; mitochondrial	FJ602483	588326	94.881	94	1.01e-124	459
ASV4006	Aetideopsis rostrata voucher Co154.4.1 cytochrome c oxidase subunit I (COX1) gene, partial cds; mitochondrial	MN831521	588326	95.221	87	2.21e-116	431
ASV4006	Aetideopsis rostrata isolate Ar4 cytochrome c oxidase subunit I gene, partial cds; mitochondrial	JQ819788	588326	94.094	81	4.85e-103	387
ASV4194	Micrurides albopunctatus voucher NB819 cytochrome oxidase subunit I (COI) gene, partial cds; mitochondrial	GU392027	940893	91.459	90	4.85e-103	387
ASV4194	Heteronemertea sp. BIOUG06838-E08 cytochrome oxidase subunit 1 (COI) gene, partial cds; mitochondrial	MG421228	2472231	93.151	70	1.39e-83	322
ASV4263	Neoturris breviconis isolate DNA949 cytochrome oxidase subunit I gene, partial cds; mitochondrial	MG136778	502968	91.961	99	4.74e-118	436
ASV4263	Neoturris breviconis isolate DNA882 cytochrome oxidase subunit I gene, partial cds; mitochondrial	MG136780	502968	91.640	99	2.21e-116	431
ASV4263	Neoturris pileata isolate DNA694 cytochrome oxidase subunit I gene, partial cds; mitochondrial	MG136804	2169487	90.675	99	2.22e-111	414
ASV4263	Neoturris pileata isolate DNA935 cytochrome oxidase subunit I gene, partial cds; mitochondrial	MG136802	2169487	90.675	99	2.22e-111	414
ASV4263	Neoturris pileata isolate DNA1119 cytochrome oxidase subunit I gene, partial cds; mitochondrial	MG136801	2169487	90.675	99	2.22e-111	414
ASV4263	Neoturris pileata isolate DNA954 cytochrome oxidase subunit I gene, partial cds; mitochondrial	MG136800	2169487	90.675	99	2.22e-111	414
ASV4263	Neoturris pileata isolate DNA919 cytochrome oxidase subunit I gene, partial cds; mitochondrial	MG136799	2169487	90.675	99	2.22e-111	414
ASV4263	Neoturris pileata isolate DNA918 cytochrome oxidase subunit I gene, partial cds; mitochondrial	MG136798	2169487	90.675	99	2.22e-111	414
ASV4263	Neoturris pileata isolate DNA916 cytochrome oxidase subunit I gene, partial cds; mitochondrial	MG136796	2169487	90.675	99	2.22e-111	414
ASV4263	Neoturris pileata isolate DNA695 cytochrome oxidase subunit I gene, partial cds; mitochondrial	MG136805	2169487	90.354	99	1.03e-109	409
ASV4468	Codium fragile mitochondrion, complete genome	NC_048526	3133	91.586	99	2.86e-115	427
ASV4468	Cylindrotheca closterium isolate Qingdao in China mitochondrion, complete genome	MW849265	2856	90.260	98	4.81e-108	403
ASV4468	Cylindrotheca fusiformis voucher CCMP344 cytochrome oxidase subunit I (COI) gene, partial sequence; mitochondrial	GQ844253	2853	90.102	94	2.25e-101	381
ASV4468	Cylindrotheca closterium isolate OS1 cytochrome c oxidase subunit I (COX1) gene, partial cds; mitochondrial	MH819230	2856	90.152	84	2.96e-90	344
ASV4497	Dokdonia sp. Dokd-P16 chromosome, complete genome	CP029151	2173169	95.455	100	8.55e-156	562
ASV4497	Dokdonia sp. 4H-3-7-5, complete genome	CP002528	983548	92.330	100	1.89e-137	501
ASV4571	Amperima robusta cytochrome c oxidase subunit I (COI) gene, partial cds; mitochondrial	KX874381	1902845	95.847	100	3.57e-139	507
ASV4571	Scotoplanes sp. H8 mitochondrion, complete genome	LC416626	2302362	92.652	99	6.09e-122	449
ASV4571	Scotoplanes sp. H5 mitochondrion, nearly complete genome	LC416625	2302361	92.652	99	6.09e-122	449
ASV4571	Scotoplanes sp. TT-2017 mitochondrion, complete genome	LC416624	1979181	92.652	99	6.09e-122	449
ASV4571	Scotoplanes sp. TT-2017 mitochondrial COX1 gene for cytochrome c oxidase subunit 1, partial cds, isolate: H4	LC230158	1979181	92.652	99	6.09e-122	449
ASV4571	Protelpidia murrayi isolate MOLAF718 cytochrome oxidase subunit I (COI) gene, partial cds	HM196403	864659	91.720	100	1.71e-117	435
ASV4571	Protelpidia murrayi voucher SIO:BIC:E5110 cytochrome c oxidase subunit I (COI) gene, partial cds; mitochondrial	KX874382	864659	91.693	99	6.14e-117	433
ASV4571	Protelpidia murrayi isolate MOLAF742 cytochrome oxidase subunit I (COI) gene, partial cds	HM196404	864659	91.693	99	6.14e-117	433
ASV4571	Protelpidia murrayi voucher Echinoderm1B1_St42 cytochrome c oxidase subunit 1 (COI) gene, partial cds; mitochondrial	KF713386	864659	91.374	99	2.86e-115	427
ASV4571	Protelpidia murrayi isolate MOLSI071 cytochrome oxidase subunit I (COI) gene, partial cds	HM196412	864659	91.374	99	2.86e-115	427
ASV4681	Candidatus Pelagibacter ubique HTCC1062, complete genome	CP000084	335992	90.064	99	1.34e-108	405
ASV4786	Heteronemertea sp. BIOUG06838-E08 cytochrome oxidase subunit 1 (COI) gene, partial cds; mitochondrial	MG421228	2472231	90.868	70	3.02e-75	294
ASV4900	Phaeocystis antarctica strain CCMP1374 mitochondrion, partial genome	JN131834	33657	91.374	100	7.94e-116	429
ASV4912	Solmissus marshalli isolate AGC1025 cytochrome oxidase subunit I (COI) gene, partial cds; mitochondrial	KY040281	168789	94.888	100	3.59e-134	490
ASV4926	Aequorea sp. USCABGF voucher M0D026478J cytochrome c oxidase subunit I (COI) gene, partial cds; mitochondrial	MF742074	2137086	92.926	99	4.71e-123	453
ASV4926	Aequorea sp. USCAPIL voucher M0D024606J cytochrome c oxidase subunit I (COI) gene, partial cds; mitochondrial	MF742063	2137084	92.926	99	4.71e-123	453
ASV4926	Aequorea sp. USWAWBS voucher M0D022561S cytochrome c oxidase subunit I (COI) gene, partial cds; mitochondrial	MF742051	2137077	92.926	99	4.71e-123	453
ASV4926	Aequorea sp. USCAPIL voucher M0D024605I cytochrome c oxidase subunit I (COI) gene, partial cds; mitochondrial	MF742062	2137084	92.605	99	2.19e-121	448
ASV4926	Aequorea sp. USORNPT voucher M0D025614D cytochrome c oxidase subunit I (COI) gene, partial cds; mitochondrial	MF742052	2137082	92.605	99	2.19e-121	448
ASV4926	Aequorea sp. USWABSP voucher M0D022379S cytochrome c oxidase subunit I (COI) gene, partial cds; mitochondrial	MF742049	2137081	92.605	99	2.19e-121	448
ASV4926	Aequorea sp. USWABSP voucher M0D022377Q cytochrome c oxidase subunit I (COI) gene, partial cds; mitochondrial	MF742047	2137081	92.605	99	2.19e-121	448
ASV4926	Aequorea sp. USWAWBS voucher M0D019908R cytochrome c oxidase subunit I (COI) gene, partial cds; mitochondrial	MF742028	2137077	92.605	99	2.19e-121	448
ASV4926	Aequorea sp. USWAENR voucher M0D020265K cytochrome c oxidase subunit I (COI) gene, partial cds; mitochondrial	MF742032	2137078	92.283	99	2.84e-120	444
ASV4926	Aequorea sp. USWAASB voucher M0D021876J cytochrome c oxidase subunit I (COI) gene, partial cds; mitochondrial	MF742070	2137079	92.283	99	1.02e-119	442
ASV4957	Nemertea sp. BMBM-0668 cytochrome oxidase subunit 1 (COI) gene, partial cds; mitochondrial	MH242860	2172802	92.652	100	1.69e-122	451
ASV4957	Cerebratulus sp. BOLD:ACM5919 voucher NemBar1143 cytochrome oxidase subunit 1 (COI) gene, partial cds; mitochondrial	KP697724	1666980	93.657	86	1.73e-107	401
ASV4990	TPA_asm: Nanomia bijuga mitochondrial cox1 gene for cytochrome c oxidase subunit 1	LN901200	168759	91.946	94	2.88e-110	411
ASV5159	Edwardsia longicornis voucher Anthozoa 1129V cytochrome oxidase subunit 1 (COI) gene, partial cds; mitochondrial	MG934929	2268641	95.847	100	3.57e-139	507
ASV5159	Edwardsianthus gilbertensis mitochondrion, partial genome	MN066615	478398	91.987	99	1.32e-118	438
ASV5159	Cnidaria sp. C_0241 cytochrome oxidase subunit 1 (COI) gene, partial cds; mitochondrial	KY262759	1983900	92.157	98	6.14e-117	433
ASV5166	Apolemia sp. BO-2009 voucher Hy100.2.1 cytochrome oxidase subunit I (COI) gene, partial cds; mitochondrial	GQ119954	645324	92.949	99	1.31e-123	455
ASV5166	Apolemia sp. 1 YPM 35035 cytochrome oxidase subunit I (COI) gene, partial cds; mitochondrial	AY937365	325432	91.346	99	2.86e-115	427
ASV5166	Apolemia lanosa isolate D327_D4 cytochrome oxidase subunit I gene, partial cds; mitochondrial	KF214718	1390099	91.026	99	1.33e-113	422
ASV5166	Apolemia sp. BO-2009 voucher Hy100.1.1 cytochrome oxidase subunit I (COI) gene, partial cds; mitochondrial	GQ119955	645324	90.705	99	6.18e-112	416
ASV5166	Apolemia rubriversa isolate D331_D4 cytochrome oxidase subunit I gene, partial cds; mitochondrial	KF214719	1390100	90.291	98	4.81e-108	403
ASV5194	Saprolegnia bulbosa isolate Ch1 cytochrome oxidase subunit 1 (COI) gene, partial cds; mitochondrial	KM888092	228916	90.735	99	6.18e-112	416
ASV5194	Saprolegnia ferax isolate K6 cytochrome oxidase subunit 1 (COI) gene, partial cds; mitochondrial	KM888090	4770	90.735	99	6.18e-112	416
ASV5194	Saprolegnia ferax voucher CBS17342 cytochrome oxidase subunit 1 (COI) gene, partial cds; mitochondrial	HQ709025	4770	90.735	99	6.18e-112	416
ASV5194	Saprolegnia ferax voucher CBS53467 cytochrome oxidase subunit 1 (COI) gene, partial cds; mitochondrial	HQ709026	4770	90.735	99	6.18e-112	416
ASV5194	Achlya sparrowii voucher CBS10249 cytochrome oxidase subunit 1 (COI) gene, partial cds; mitochondrial	HQ708181	944587	90.705	99	2.22e-111	414
ASV5194	Achlya colorata voucher CBS54567 cytochrome oxidase subunit 1 (COI) gene, partial cds; mitochondrial	HQ708163	112079	90.705	99	2.22e-111	414
ASV5194	Saprolegnia ferax isolate Beh3 cytochrome oxidase subunit 1 (COI) gene, partial cds; mitochondrial	KM361513	4770	90.446	100	8.00e-111	412
ASV5194	Saprolegnia ferax strain ATCC 36051 mitochondion, complete genome	AY534144	4770	90.446	100	8.00e-111	412
ASV5194	Dictyuchus monosporus isolate Daz2A cytochrome oxidase subunit 1 (COI) gene, partial cds; mitochondrial	KM888095	120407	90.415	99	2.88e-110	411
ASV5194	Saprolegnia sp. BOLD:AAO5998 voucher CBS63285 cytochrome oxidase subunit 1 (COI) gene, partial cds; mitochondrial	HQ709048	946370	90.415	99	2.88e-110	411
ASV5218	Actiniaria sp. HLC-30180.1 cytochrome oxidase subunit 1 (COI) gene, partial cds; mitochondrial	MG423371	2461689	95.208	100	7.72e-136	496
ASV5218	Urticina sp. 06-PROBE-03513 cytochrome oxidase subunit 1 (COI) gene, partial cds; mitochondrial	MG421472	2478149	94.569	100	1.67e-132	484
ASV5218	Urticina sp. 06-PROBE-03514 cytochrome oxidase subunit 1 (COI) gene, partial cds; mitochondrial	MG421333	2478148	94.569	100	1.67e-132	484
ASV5218	Urticina sp. 06-PROBE-03502 cytochrome oxidase subunit 1 (COI) gene, partial cds; mitochondrial	MG421188	2478146	94.569	100	1.67e-132	484
ASV5218	Urticina sp. 06-PROBE-03493 cytochrome oxidase subunit 1 (COI) gene, partial cds; mitochondrial	MG423477	2478175	94.569	100	1.67e-132	484
ASV5218	Actiniaria sp. NCnid2010-005 cytochrome oxidase subunit 1 (COI) gene, partial cds; mitochondrial	MG423184	2461688	94.569	100	1.67e-132	484
ASV5218	Urticina sp. 06-PROBE-03501 cytochrome oxidase subunit 1 (COI) gene, partial cds; mitochondrial	MG423036	2478167	94.569	100	1.67e-132	484
ASV5218	Urticina sp. 06-PROBE-03494 cytochrome oxidase subunit 1 (COI) gene, partial cds; mitochondrial	MG422451	2478160	94.569	100	1.67e-132	484
ASV5218	Urticina sp. 06-PROBE-03500 cytochrome oxidase subunit 1 (COI) gene, partial cds; mitochondrial	MG422247	2478158	94.569	100	1.67e-132	484
ASV5218	Urticina sp. 06-PROBE-03489 cytochrome oxidase subunit 1 (COI) gene, partial cds; mitochondrial	MG421996	2478154	94.569	100	1.67e-132	484
ASV5244	Scoloplos sp. CMC04 voucher BIOUG<CAN>:09PROBE-01141 cytochrome oxidase subunit 1 (COI) gene, partial cds; mitochondrial	GU672377	1037250	91.262	99	1.31e-113	422
ASV5275	Hematodinium sp. mitochondrial mRNA for cytochrome oxidase subunit I (cox1 gene), clone 1	HE610721	173654	94.937	100	7.80e-136	496
ASV5275	Hematodinium sp. mitochondrial partial cytochrome b, small subunit ribosomal RNA-like gene fragment and partial cytochrome oxidase subunit I, clone iii	HE610742	173654	95.349	82	2.91e-110	411
